#
# A fatal error has been detected by the Java Runtime Environment:
#
#  EXCEPTION_ACCESS_VIOLATION (0xc0000005) at pc=0x21762052, pid=4668, tid=6456
#
# JRE version: 6.0_21-b07
# Java VM: Java HotSpot(TM) Client VM (17.0-b17 mixed mode, sharing windows-x86 )
# Problematic frame:
# C  0x21762052
#
# If you would like to submit a bug report, please visit:
#   http://java.sun.com/webapps/bugreport/crash.jsp
# The crash happened outside the Java Virtual Machine in native code.
# See problematic frame for where to report the bug.
#

---------------  T H R E A D  ---------------

Current thread (0x046a8400):  JavaThread "Thread-4" [_thread_in_native, id=6456, stack(0x06930000,0x06980000)]

siginfo: ExceptionCode=0xc0000005, reading address 0x32726568

Registers:
EAX=0x00000000, EBX=0x3272656c, ECX=0x00000000, EDX=0x0000020e
ESP=0x0697ca54, EBP=0x0697ca70, ESI=0x32726568, EDI=0x0000045c
EIP=0x21762052, EFLAGS=0x00010202

Top of Stack: (sp=0x0697ca54)
0x0697ca54:   0697eebc 21762186 0697ca70 0000045c
0x0697ca64:   0697cb9c 00000000 0697cb10 0697cb10
0x0697ca74:   21762463 00000000 21763e69 21763e71
0x0697ca84:   445c3f0c 63697665 61485c65 69646472
0x0697ca94:   6f566b73 656d756c 6f575c33 70736b72
0x0697caa4:   73656361 736e695c 6d757274 5f746e65
0x0697cab4:   6d617266 726f7765 75625c6b 5c646c69
0x0697cac4:   73616c63 5c736573 5c74656e 7462616c 

Instructions: (pc=0x21762052)
0x21762042:   0a 68 b4 95 76 21 e8 87 f0 ff ff 8b f3 83 ee 04
0x21762052:   8b 1e f6 c3 02 75 0f c7 05 b0 95 76 21 09 00 00 


Stack: [0x06930000,0x06980000],  sp=0x0697ca54,  free space=1320697c538k
Native frames: (J=compiled Java code, j=interpreted, Vv=VM code, C=native code)
C  0x21762052
C  0x21762463

Java frames: (J=compiled Java code, j=interpreted, Vv=VM code)
j  java.io.FileInputStream.readBytes([BII)I+0
j  java.io.FileInputStream.read([BII)I+4
J  sun.misc.Resource.getBytes()[B
j  java.net.URLClassLoader.defineClass(Ljava/lang/String;Lsun/misc/Resource;Z)Ljava/lang/Class;+193
j  java.net.URLClassLoader.access$000(Ljava/net/URLClassLoader;Ljava/lang/String;Lsun/misc/Resource;Z)Ljava/lang/Class;+4
j  java.net.URLClassLoader$1.run()Ljava/lang/Object;+44
v  ~StubRoutines::call_stub
j  java.security.AccessController.doPrivileged(Ljava/security/PrivilegedExceptionAction;Ljava/security/AccessControlContext;)Ljava/lang/Object;+0
j  java.net.URLClassLoader.findClass(Ljava/lang/String;)Ljava/lang/Class;+13
J  java.lang.ClassLoader.loadClass(Ljava/lang/String;Z)Ljava/lang/Class;
j  sun.misc.Launcher$AppClassLoader.loadClass(Ljava/lang/String;Z)Ljava/lang/Class;+41
j  java.lang.ClassLoader.loadClass(Ljava/lang/String;)Ljava/lang/Class;+3
v  ~StubRoutines::call_stub
j  net.labthink.instrument.device.LLTEST.handler.LLTESTHandler2.messageReceived(Lorg/apache/mina/core/session/IoSession;Ljava/lang/Object;)V+117
j  org.apache.mina.core.filterchain.DefaultIoFilterChain$TailFilter.messageReceived(Lorg/apache/mina/core/filterchain/IoFilter$NextFilter;Lorg/apache/mina/core/session/IoSession;Ljava/lang/Object;)V+51
j  org.apache.mina.core.filterchain.DefaultIoFilterChain.callNextMessageReceived(Lorg/apache/mina/core/filterchain/IoFilterChain$Entry;Lorg/apache/mina/core/session/IoSession;Ljava/lang/Object;)V+22
j  org.apache.mina.core.filterchain.DefaultIoFilterChain.access$1200(Lorg/apache/mina/core/filterchain/DefaultIoFilterChain;Lorg/apache/mina/core/filterchain/IoFilterChain$Entry;Lorg/apache/mina/core/session/IoSession;Ljava/lang/Object;)V+4
j  org.apache.mina.core.filterchain.DefaultIoFilterChain$EntryImpl$1.messageReceived(Lorg/apache/mina/core/session/IoSession;Ljava/lang/Object;)V+18
j  org.apache.mina.filter.codec.ProtocolCodecFilter$ProtocolDecoderOutputImpl.flush(Lorg/apache/mina/core/filterchain/IoFilter$NextFilter;Lorg/apache/mina/core/session/IoSession;)V+22
j  org.apache.mina.filter.codec.ProtocolCodecFilter.messageReceived(Lorg/apache/mina/core/filterchain/IoFilter$NextFilter;Lorg/apache/mina/core/session/IoSession;Ljava/lang/Object;)V+112
j  org.apache.mina.core.filterchain.DefaultIoFilterChain.callNextMessageReceived(Lorg/apache/mina/core/filterchain/IoFilterChain$Entry;Lorg/apache/mina/core/session/IoSession;Ljava/lang/Object;)V+22
j  org.apache.mina.core.filterchain.DefaultIoFilterChain.access$1200(Lorg/apache/mina/core/filterchain/DefaultIoFilterChain;Lorg/apache/mina/core/filterchain/IoFilterChain$Entry;Lorg/apache/mina/core/session/IoSession;Ljava/lang/Object;)V+4
j  org.apache.mina.core.filterchain.DefaultIoFilterChain$EntryImpl$1.messageReceived(Lorg/apache/mina/core/session/IoSession;Ljava/lang/Object;)V+18
j  org.apache.mina.core.filterchain.IoFilterAdapter.messageReceived(Lorg/apache/mina/core/filterchain/IoFilter$NextFilter;Lorg/apache/mina/core/session/IoSession;Ljava/lang/Object;)V+3
j  org.apache.mina.core.filterchain.DefaultIoFilterChain.callNextMessageReceived(Lorg/apache/mina/core/filterchain/IoFilterChain$Entry;Lorg/apache/mina/core/session/IoSession;Ljava/lang/Object;)V+22
j  org.apache.mina.core.filterchain.DefaultIoFilterChain.fireMessageReceived(Ljava/lang/Object;)V+37
j  org.apache.mina.transport.serial.SerialSessionImpl$ReadWorker.run()V+151
v  ~StubRoutines::call_stub

---------------  P R O C E S S  ---------------

Java Threads: ( => current thread )
=>0x046a8400 JavaThread "Thread-4" [_thread_in_native, id=6456, stack(0x06930000,0x06980000)]
  0x04823400 JavaThread "Thread-3" [_thread_in_native, id=1996, stack(0x05f20000,0x05f70000)]
  0x046a7800 JavaThread "SerialConnector-1-idleStatusChecker" [_thread_blocked, id=2660, stack(0x059b0000,0x05a00000)]
  0x05aea000 JavaThread "TimerQueue" daemon [_thread_blocked, id=6528, stack(0x05960000,0x059b0000)]
  0x005ca000 JavaThread "DestroyJavaVM" [_thread_blocked, id=3636, stack(0x00220000,0x00270000)]
  0x04857000 JavaThread "AWT-EventQueue-0" [_thread_blocked, id=5556, stack(0x05140000,0x05190000)]
  0x047b7400 JavaThread "AWT-Windows" daemon [_thread_in_native, id=5640, stack(0x04bb0000,0x04c00000)]
  0x047b6c00 JavaThread "AWT-Shutdown" [_thread_blocked, id=5560, stack(0x04b20000,0x04b70000)]
  0x047b4400 JavaThread "Java2D Disposer" daemon [_thread_blocked, id=6160, stack(0x04a30000,0x04a80000)]
  0x02107400 JavaThread "Low Memory Detector" daemon [_thread_blocked, id=6280, stack(0x045b0000,0x04600000)]
  0x020ff800 JavaThread "CompilerThread0" daemon [_thread_blocked, id=3348, stack(0x04520000,0x04570000)]
  0x020fe000 JavaThread "Attach Listener" daemon [_thread_blocked, id=1196, stack(0x04490000,0x044e0000)]
  0x020fb000 JavaThread "Signal Dispatcher" daemon [_thread_blocked, id=4864, stack(0x04400000,0x04450000)]
  0x020b4400 JavaThread "Finalizer" daemon [_thread_blocked, id=6556, stack(0x04370000,0x043c0000)]
  0x020b2800 JavaThread "Reference Handler" daemon [_thread_blocked, id=7128, stack(0x042e0000,0x04330000)]

Other Threads:
  0x020b1400 VMThread [stack: 0x04290000,0x042e0000] [id=3520]
  0x02110c00 WatcherThread [stack: 0x04640000,0x04690000] [id=4484]

VM state:not at safepoint (normal execution)

VM Mutex/Monitor currently owned by a thread: None

Heap
 def new generation   total 4928K, used 1356K [0x24260000, 0x247b0000, 0x297b0000)
  eden space 4416K,  22% used [0x24260000, 0x2435a7c0, 0x246b0000)
  from space 512K,  69% used [0x24730000, 0x24788a08, 0x247b0000)
  to   space 512K,   0% used [0x246b0000, 0x246b0000, 0x24730000)
 tenured generation   total 10944K, used 6603K [0x297b0000, 0x2a260000, 0x34260000)
   the space 10944K,  60% used [0x297b0000, 0x29e22f38, 0x29e23000, 0x2a260000)
 compacting perm gen  total 12288K, used 4277K [0x34260000, 0x34e60000, 0x38260000)
   the space 12288K,  34% used [0x34260000, 0x3468d470, 0x3468d600, 0x34e60000)
    ro space 10240K,  54% used [0x38260000, 0x387dc0f0, 0x387dc200, 0x38c60000)
    rw space 12288K,  55% used [0x38c60000, 0x392ffb80, 0x392ffc00, 0x39860000)

Dynamic libraries:
0x00400000 - 0x00424000 	C:\Program Files (x86)\Java\jdk1.6.0_21\bin\java.exe
0x773c0000 - 0x77540000 	C:\Windows\SysWOW64\ntdll.dll
0x76040000 - 0x76150000 	C:\Windows\syswow64\kernel32.dll
0x75ff0000 - 0x76036000 	C:\Windows\syswow64\KERNELBASE.dll
0x76a40000 - 0x76ae0000 	C:\Windows\syswow64\ADVAPI32.dll
0x75d80000 - 0x75e2c000 	C:\Windows\syswow64\msvcrt.dll
0x76ae0000 - 0x76af9000 	C:\Windows\SysWOW64\sechost.dll
0x74d20000 - 0x74e10000 	C:\Windows\syswow64\RPCRT4.dll
0x74aa0000 - 0x74b00000 	C:\Windows\syswow64\SspiCli.dll
0x74a90000 - 0x74a9c000 	C:\Windows\syswow64\CRYPTBASE.dll
0x7c340000 - 0x7c396000 	C:\Program Files (x86)\Java\jdk1.6.0_21\jre\bin\msvcr71.dll
0x6d8b0000 - 0x6db57000 	C:\Program Files (x86)\Java\jdk1.6.0_21\jre\bin\client\jvm.dll
0x76150000 - 0x76250000 	C:\Windows\syswow64\USER32.dll
0x76810000 - 0x768a0000 	C:\Windows\syswow64\GDI32.dll
0x766e0000 - 0x766ea000 	C:\Windows\syswow64\LPK.dll
0x766f0000 - 0x7678d000 	C:\Windows\syswow64\USP10.dll
0x72620000 - 0x72652000 	C:\Windows\system32\WINMM.dll
0x75be0000 - 0x75c40000 	C:\Windows\system32\IMM32.DLL
0x76930000 - 0x769fc000 	C:\Windows\syswow64\MSCTF.dll
0x6fdf0000 - 0x6fe3c000 	C:\Windows\system32\apphelp.dll
0x6d860000 - 0x6d86c000 	C:\Program Files (x86)\Java\jdk1.6.0_21\jre\bin\verify.dll
0x6d3e0000 - 0x6d3ff000 	C:\Program Files (x86)\Java\jdk1.6.0_21\jre\bin\java.dll
0x6d340000 - 0x6d348000 	C:\Program Files (x86)\Java\jdk1.6.0_21\jre\bin\hpi.dll
0x75c50000 - 0x75c55000 	C:\Windows\syswow64\PSAPI.DLL
0x6d8a0000 - 0x6d8af000 	C:\Program Files (x86)\Java\jdk1.6.0_21\jre\bin\zip.dll
0x6d0b0000 - 0x6d1fa000 	C:\Program Files (x86)\Java\jdk1.6.0_21\jre\bin\awt.dll
0x6e740000 - 0x6e791000 	C:\Windows\system32\WINSPOOL.DRV
0x75e30000 - 0x75f8c000 	C:\Windows\syswow64\ole32.dll
0x6e7a0000 - 0x6e93e000 	C:\Windows\WinSxS\x86_microsoft.windows.common-controls_6595b64144ccf1df_6.0.7601.17514_none_41e6975e2bd6f2b2\COMCTL32.dll
0x75f90000 - 0x75fe7000 	C:\Windows\syswow64\SHLWAPI.dll
0x72880000 - 0x72893000 	C:\Windows\system32\DWMAPI.DLL
0x73280000 - 0x73300000 	C:\Windows\system32\uxtheme.dll
0x74e10000 - 0x75a5a000 	C:\Windows\syswow64\shell32.dll
0x6d2e0000 - 0x6d334000 	C:\Program Files (x86)\Java\jdk1.6.0_21\jre\bin\fontmanager.dll
0x6d6c0000 - 0x6d6d3000 	C:\Program Files (x86)\Java\jdk1.6.0_21\jre\bin\net.dll
0x76a00000 - 0x76a35000 	C:\Windows\syswow64\WS2_32.dll
0x766d0000 - 0x766d6000 	C:\Windows\syswow64\NSI.dll
0x70480000 - 0x704bc000 	C:\Windows\system32\mswsock.dll
0x70380000 - 0x70386000 	C:\Windows\System32\wship6.dll
0x6d6e0000 - 0x6d6e9000 	C:\Program Files (x86)\Java\jdk1.6.0_21\jre\bin\nio.dll
0x768a0000 - 0x7692f000 	C:\Windows\syswow64\OLEAUT32.DLL
0x10000000 - 0x10012000 	D:\Workspaces\instrument_framework\dll\rxtxSerial.dll
0x6c240000 - 0x6c267000 	C:\Windows\system32\crtdll.dll

VM Arguments:
jvm_args: -Dfile.encoding=UTF-8 -Djava.library.path=./dll 
java_command: net.labthink.instrument.device.UITester
Launcher Type: SUN_STANDARD

Environment Variables:
JAVA_HOME=C:\Program Files\Java\jdk1.6.0_32
PATH=C:\Python27\;C:\Python27\Scripts;C:\Windows\system32;C:\Windows;C:\Windows\System32\Wbem;C:\Windows\System32\WindowsPowerShell\v1.0\;C:\Program Files\Java\jdk1.6.0_32;C:\Program Files\Java\jdk1.6.0_32\BIN;C:\Program Files (x86)\Bitvise Tunnelier;C:\PROGRA~2\cvsnt;C:\Program Files (x86)\Microsoft SQL Server\90\Tools\binn\;C:\Program Files\MySQL\MySQL Server 5.5\bin;C:\Program Files (x86)\VisualSVN\bin;C:\Program Files\TortoiseSVN\bin;C:\Program Files (x86)\Microsoft SQL Server\80\Tools\Binn\;C:\Program Files (x86)\Microsoft Visual Studio\Common\Tools\WinNT;C:\Program Files (x86)\Microsoft Visual Studio\Common\MSDev98\Bin;C:\Program Files (x86)\Microsoft Visual Studio\Common\Tools;C:\Program Files (x86)\Microsoft Visual Studio\VC98\bin;C:\Users\Moses\AppData\Roaming\Python\Scripts;C:\Program Files (x86)\CVSNT\;C:\Program Files (x86)\IDM Computer Solutions\UltraEdit\;D:\DevelopeTools\Java\play-2.0;
USERNAME=Moses
OS=Windows_NT
PROCESSOR_IDENTIFIER=Intel64 Family 6 Model 23 Stepping 10, GenuineIntel



---------------  S Y S T E M  ---------------

OS: Windows 7 Build 7601 Service Pack 1

CPU:total 2 (2 cores per cpu, 1 threads per core) family 6 model 23 stepping 10, cmov, cx8, fxsr, mmx, sse, sse2, sse3, ssse3

Memory: 4k page, physical 8285848k(3525972k free), swap 16569844k(11192068k free)

vm_info: Java HotSpot(TM) Client VM (17.0-b17) for windows-x86 JRE (1.6.0_21-b07), built on Jul 17 2010 01:10:15 by "java_re" with MS VC++ 7.1 (VS2003)

time: Sat Nov 03 14:59:44 2012
elapsed time: 159 seconds

