#
# A fatal error has been detected by the Java Runtime Environment:
#
#  EXCEPTION_ACCESS_VIOLATION (0xc0000005) at pc=0x6d166ad0, pid=5344, tid=1660
#
# JRE version: 6.0_21-b07
# Java VM: Java HotSpot(TM) Client VM (17.0-b17 mixed mode, sharing windows-x86 )
# Problematic frame:
# C  [awt.dll+0xb6ad0]
#
# If you would like to submit a bug report, please visit:
#   http://java.sun.com/webapps/bugreport/crash.jsp
# The crash happened outside the Java Virtual Machine in native code.
# See problematic frame for where to report the bug.
#

---------------  T H R E A D  ---------------

Current thread (0x047bc000):  JavaThread "AWT-Windows" daemon [_thread_in_native, id=1660, stack(0x04b90000,0x04be0000)]

siginfo: ExceptionCode=0xc0000005, reading address 0x00000000

Registers:
EAX=0x04bdfa78, EBX=0x04881f90, ECX=0x00000336, EDX=0x00000180
ESP=0x04bdfa60, EBP=0x757f1450, ESI=0x00000000, EDI=0x00000180
EIP=0x6d166ad0, EFLAGS=0x00010202

Top of Stack: (sp=0x04bdfa60)
0x04bdfa60:   04bdfa78 00001000 00000000 04872aa0
0x04bdfa70:   00000001 04bdfa68 04bdfa6c 6d15e4ad
0x04bdfa80:   00000000 00000000 04872aa0 6d15e57a
0x04bdfa90:   00000000 04872aa0 00000001 6d15e67e
0x04bdfaa0:   04872aa0 6d1137c2 02082ce8 00000000
0x04bdfab0:   6d1605b0 00000001 6d1b2f50 6d1b2938
0x04bdfac0:   02082ce8 6d1619d2 6d1b2f48 6d161bb9
0x04bdfad0:   6d14a443 00000000 0000067c 00000000 

Instructions: (pc=0x6d166ad0)
0x6d166ac0:   05 00 20 00 00 50 c1 e2 05 8d 44 24 14 50 8b fa
0x6d166ad0:   8b 16 57 c1 e1 05 51 56 ff 52 2c 85 c0 0f 8c 93 


Stack: [0x04b90000,0x04be0000],  sp=0x04bdfa60,  free space=13e04bdf544k
Native frames: (J=compiled Java code, j=interpreted, Vv=VM code, C=native code)
C  [awt.dll+0xb6ad0]

Java frames: (J=compiled Java code, j=interpreted, Vv=VM code)
j  sun.awt.windows.WToolkit.eventLoop()V+0
j  sun.awt.windows.WToolkit.run()V+52
j  java.lang.Thread.run()V+11
v  ~StubRoutines::call_stub

---------------  P R O C E S S  ---------------

Java Threads: ( => current thread )
  0x0483e400 JavaThread "Thread-1" daemon [_thread_in_native, id=1536, stack(0x090c0000,0x09110000)]
  0x02069400 JavaThread "Timer-0" [_thread_blocked, id=5196, stack(0x08ed0000,0x08f20000)]
  0x082fb400 JavaThread "TimerQueue" daemon [_thread_blocked, id=1540, stack(0x08e10000,0x08e60000)]
  0x0026a400 JavaThread "DestroyJavaVM" [_thread_blocked, id=1480, stack(0x00430000,0x00480000)]
  0x047bfc00 JavaThread "AWT-EventQueue-0" [_thread_blocked, id=3936, stack(0x05620000,0x05670000)]
=>0x047bc000 JavaThread "AWT-Windows" daemon [_thread_in_native, id=1660, stack(0x04b90000,0x04be0000)]
  0x047bb800 JavaThread "AWT-Shutdown" [_thread_blocked, id=5296, stack(0x04a10000,0x04a60000)]
  0x047e8000 JavaThread "Java2D Disposer" daemon [_thread_blocked, id=6112, stack(0x04940000,0x04990000)]
  0x020e1000 JavaThread "Low Memory Detector" daemon [_thread_blocked, id=4744, stack(0x045c0000,0x04610000)]
  0x020d1800 JavaThread "CompilerThread0" daemon [_thread_blocked, id=2220, stack(0x04530000,0x04580000)]
  0x020d0800 JavaThread "Attach Listener" daemon [_thread_blocked, id=5544, stack(0x044a0000,0x044f0000)]
  0x020cd000 JavaThread "Signal Dispatcher" daemon [_thread_blocked, id=5740, stack(0x04410000,0x04460000)]
  0x02088000 JavaThread "Finalizer" daemon [_thread_blocked, id=6108, stack(0x04380000,0x043d0000)]
  0x02083400 JavaThread "Reference Handler" daemon [_thread_blocked, id=6000, stack(0x042f0000,0x04340000)]

Other Threads:
  0x02081800 VMThread [stack: 0x04260000,0x042b0000] [id=5016]
  0x020e4400 WatcherThread [stack: 0x04650000,0x046a0000] [id=4768]

VM state:not at safepoint (normal execution)

VM Mutex/Monitor currently owned by a thread: None

Heap
 def new generation   total 4928K, used 4170K [0x24260000, 0x247b0000, 0x297b0000)
  eden space 4416K,  93% used [0x24260000, 0x24666120, 0x246b0000)
  from space 512K,   9% used [0x24730000, 0x2473cad8, 0x247b0000)
  to   space 512K,   0% used [0x246b0000, 0x246b0000, 0x24730000)
 tenured generation   total 10944K, used 5234K [0x297b0000, 0x2a260000, 0x34260000)
   the space 10944K,  47% used [0x297b0000, 0x29ccc980, 0x29ccca00, 0x2a260000)
 compacting perm gen  total 12288K, used 4356K [0x34260000, 0x34e60000, 0x38260000)
   the space 12288K,  35% used [0x34260000, 0x346a1008, 0x346a1200, 0x34e60000)
    ro space 10240K,  54% used [0x38260000, 0x387dc0f0, 0x387dc200, 0x38c60000)
    rw space 12288K,  55% used [0x38c60000, 0x392ffb80, 0x392ffc00, 0x39860000)

Dynamic libraries:
0x00400000 - 0x00424000 	C:\Program Files (x86)\Java\jdk1.6.0_21\bin\java.exe
0x771a0000 - 0x77320000 	C:\Windows\SysWOW64\ntdll.dll
0x757e0000 - 0x758f0000 	C:\Windows\syswow64\kernel32.dll
0x765a0000 - 0x765e6000 	C:\Windows\syswow64\KERNELBASE.dll
0x74f30000 - 0x74fd0000 	C:\Windows\syswow64\ADVAPI32.dll
0x75410000 - 0x754bc000 	C:\Windows\syswow64\msvcrt.dll
0x74c30000 - 0x74c49000 	C:\Windows\SysWOW64\sechost.dll
0x76680000 - 0x76770000 	C:\Windows\syswow64\RPCRT4.dll
0x74880000 - 0x748e0000 	C:\Windows\syswow64\SspiCli.dll
0x74870000 - 0x7487c000 	C:\Windows\syswow64\CRYPTBASE.dll
0x7c340000 - 0x7c396000 	C:\Program Files (x86)\Java\jdk1.6.0_21\jre\bin\msvcr71.dll
0x6d8b0000 - 0x6db57000 	C:\Program Files (x86)\Java\jdk1.6.0_21\jre\bin\client\jvm.dll
0x748e0000 - 0x749e0000 	C:\Windows\syswow64\USER32.dll
0x75320000 - 0x753b0000 	C:\Windows\syswow64\GDI32.dll
0x76590000 - 0x7659a000 	C:\Windows\syswow64\LPK.dll
0x75620000 - 0x756bd000 	C:\Windows\syswow64\USP10.dll
0x723d0000 - 0x72402000 	C:\Windows\system32\WINMM.dll
0x74c50000 - 0x74cb0000 	C:\Windows\system32\IMM32.DLL
0x74de0000 - 0x74eac000 	C:\Windows\syswow64\MSCTF.dll
0x71ce0000 - 0x71d2c000 	C:\Windows\system32\apphelp.dll
0x6d860000 - 0x6d86c000 	C:\Program Files (x86)\Java\jdk1.6.0_21\jre\bin\verify.dll
0x6d3e0000 - 0x6d3ff000 	C:\Program Files (x86)\Java\jdk1.6.0_21\jre\bin\java.dll
0x6d340000 - 0x6d348000 	C:\Program Files (x86)\Java\jdk1.6.0_21\jre\bin\hpi.dll
0x75310000 - 0x75315000 	C:\Windows\syswow64\PSAPI.DLL
0x6d8a0000 - 0x6d8af000 	C:\Program Files (x86)\Java\jdk1.6.0_21\jre\bin\zip.dll
0x6d0b0000 - 0x6d1fa000 	C:\Program Files (x86)\Java\jdk1.6.0_21\jre\bin\awt.dll
0x71c10000 - 0x71c61000 	C:\Windows\system32\WINSPOOL.DRV
0x754c0000 - 0x7561c000 	C:\Windows\syswow64\ole32.dll
0x71e50000 - 0x71fee000 	C:\Windows\WinSxS\x86_microsoft.windows.common-controls_6595b64144ccf1df_6.0.7601.17514_none_41e6975e2bd6f2b2\COMCTL32.dll
0x753b0000 - 0x75407000 	C:\Windows\syswow64\SHLWAPI.dll
0x6d2a0000 - 0x6d2b3000 	C:\Windows\system32\DWMAPI.DLL
0x70580000 - 0x70600000 	C:\Windows\system32\uxtheme.dll
0x75940000 - 0x7658a000 	C:\Windows\syswow64\shell32.dll
0x6d2e0000 - 0x6d334000 	C:\Program Files (x86)\Java\jdk1.6.0_21\jre\bin\fontmanager.dll
0x6bbb0000 - 0x6bd73000 	C:\Windows\system32\d3d9.dll
0x72670000 - 0x72679000 	C:\Windows\system32\VERSION.dll
0x6c4e0000 - 0x6c4e6000 	C:\Windows\system32\d3d8thk.dll
0x6ebe0000 - 0x6eccf000 	C:\Windows\system32\aticfx32.dll
0x6e5a0000 - 0x6e5b9000 	C:\Windows\system32\atiu9pag.dll
0x62da0000 - 0x63317000 	C:\Windows\system32\atiumdag.dll
0x62920000 - 0x62d26000 	C:\Windows\system32\atiumdva.dll
0x6d6c0000 - 0x6d6d3000 	C:\Program Files (x86)\Java\jdk1.6.0_21\jre\bin\net.dll
0x76780000 - 0x767b5000 	C:\Windows\syswow64\WS2_32.dll
0x74cb0000 - 0x74cb6000 	C:\Windows\syswow64\NSI.dll
0x72710000 - 0x7274c000 	C:\Windows\system32\mswsock.dll
0x6ce30000 - 0x6ce36000 	C:\Windows\System32\wship6.dll
0x6d6e0000 - 0x6d6e9000 	C:\Program Files (x86)\Java\jdk1.6.0_21\jre\bin\nio.dll
0x74ba0000 - 0x74c2f000 	C:\Windows\syswow64\OLEAUT32.DLL
0x10000000 - 0x10012000 	D:\Workspaces\instrument_framework\dll\rxtxSerial.dll
0x6c240000 - 0x6c267000 	C:\Windows\system32\crtdll.dll

VM Arguments:
jvm_args: -Dfile.encoding=UTF-8 -Djava.library.path=./dll 
java_command: net.labthink.instrument.device.UITester
Launcher Type: SUN_STANDARD

Environment Variables:
JAVA_HOME=C:\Program Files\Java\jdk1.7.0_25
PATH=C:\Program Files (x86)\AMD APP\bin\x86_64;C:\Program Files (x86)\AMD APP\bin\x86;C:\Ruby193\bin;C:\Python27\;C:\Python27\Scripts;C:\Windows\system32;C:\Windows;C:\Windows\System32\Wbem;C:\Windows\System32\WindowsPowerShell\v1.0\;C:\Program Files\Java\jdk1.7.0_25;C:\Program Files\Java\jdk1.7.0_25\BIN;C:\Program Files (x86)\Bitvise Tunnelier;C:\PROGRA~2\cvsnt;C:\Program Files (x86)\Microsoft SQL Server\90\Tools\binn\;C:\Program Files\MySQL\MySQL Server 5.5\bin;C:\Program Files (x86)\VisualSVN\bin;C:\Program Files\TortoiseSVN\bin;C:\Program Files (x86)\Microsoft SQL Server\80\Tools\Binn\;C:\Program Files (x86)\Git\bin;C:\Program Files (x86)\ATI Technologies\ATI.ACE\Core-Static;D:\DevelopeTools\Java\apache-ant-1.8.4\;D:\DevelopeTools\Java\apache-ant-1.8.4\\bin;F:\android_rom\adt-bundle-windows-x86_64\sdk;F:\android_rom\adt-bundle-windows-x86_64\sdk\tools;F:\android_rom\adt-bundle-windows-x86_64\sdk\platform-tools;C:\Program Files (x86)\Heroku\bin;C:\Program Files (x86)\ruby-1.9.2\bin;C:\Program Files (x86)\git\bin;C:\Program Files (x86)\git\cmd;C:\Program Files (x86)\scala\\bin;C:\Windows\system32\wbem;C:\Program Files (x86)\IVT Corporation\BlueSoleil\Mobile;C:\Program Files (x86)\Microsoft Visual Studio\Common\Tools\WinNT;C:\Program Files (x86)\Microsoft Visual Studio\Common\MSDev98\Bin;C:\Program Files (x86)\Microsoft Visual Studio\Common\Tools;C:\Program Files (x86)\Microsoft Visual Studio\VC98\bin;C:\Users\Moses\AppData\Roaming\Python\Scripts;C:\Program Files (x86)\CVSNT\;C:\Program Files (x86)\IDM Computer Solutions\UltraEdit\;D:\DevelopeTools\Java\play-2.1.0;C:\Program Files (x86)\Google\google_appengine\
USERNAME=Moses
OS=Windows_NT
PROCESSOR_IDENTIFIER=Intel64 Family 6 Model 23 Stepping 10, GenuineIntel



---------------  S Y S T E M  ---------------

OS: Windows 7 Build 7601 Service Pack 1

CPU:total 2 (2 cores per cpu, 1 threads per core) family 6 model 23 stepping 10, cmov, cx8, fxsr, mmx, sse, sse2, sse3, ssse3

Memory: 4k page, physical 8320664k(4151004k free), swap 16639476k(11819732k free)

vm_info: Java HotSpot(TM) Client VM (17.0-b17) for windows-x86 JRE (1.6.0_21-b07), built on Jul 17 2010 01:10:15 by "java_re" with MS VC++ 7.1 (VS2003)

time: Wed Aug 21 09:59:49 2013
elapsed time: 3790 seconds

