#
# A fatal error has been detected by the Java Runtime Environment:
#
#  EXCEPTION_ACCESS_VIOLATION (0xc0000005) at pc=0x6d166ad0, pid=7524, tid=6112
#
# JRE version: 6.0_21-b07
# Java VM: Java HotSpot(TM) Client VM (17.0-b17 mixed mode, sharing windows-x86 )
# Problematic frame:
# C  [awt.dll+0xb6ad0]
#
# If you would like to submit a bug report, please visit:
#   http://java.sun.com/webapps/bugreport/crash.jsp
# The crash happened outside the Java Virtual Machine in native code.
# See problematic frame for where to report the bug.
#

---------------  T H R E A D  ---------------

Current thread (0x047c9000):  JavaThread "AWT-Windows" daemon [_thread_in_native, id=6112, stack(0x04dc0000,0x04e10000)]

siginfo: ExceptionCode=0xc0000005, reading address 0x00000000

Registers:
EAX=0x04e0f878, EBX=0x048b1908, ECX=0x0000001e, EDX=0x00000180
ESP=0x04e0f860, EBP=0x75c91450, ESI=0x00000000, EDI=0x00000180
EIP=0x6d166ad0, EFLAGS=0x00010202

Top of Stack: (sp=0x04e0f860)
0x04e0f860:   04e0f878 00001000 00000000 048b16e8
0x04e0f870:   00000001 04e0f868 04e0f86c 6d15e4ad
0x04e0f880:   00000000 00000000 048b16e8 6d15e57a
0x04e0f890:   00000000 048b16e8 00000001 6d15e67e
0x04e0f8a0:   048b16e8 6d1137c2 0489efb0 00000000
0x04e0f8b0:   6d1605b0 00000001 6d1b2f50 6d1b2938
0x04e0f8c0:   0489efb0 6d1619d2 6d1b2f48 6d161bb9
0x04e0f8d0:   6d14a443 00000000 000017e0 00000000 

Instructions: (pc=0x6d166ad0)
0x6d166ac0:   05 00 20 00 00 50 c1 e2 05 8d 44 24 14 50 8b fa
0x6d166ad0:   8b 16 57 c1 e1 05 51 56 ff 52 2c 85 c0 0f 8c 93 


Stack: [0x04dc0000,0x04e10000],  sp=0x04e0f860,  free space=13e04e0f344k
Native frames: (J=compiled Java code, j=interpreted, Vv=VM code, C=native code)
C  [awt.dll+0xb6ad0]

Java frames: (J=compiled Java code, j=interpreted, Vv=VM code)
j  sun.awt.windows.WToolkit.eventLoop()V+0
j  sun.awt.windows.WToolkit.run()V+52
j  java.lang.Thread.run()V+11
v  ~StubRoutines::call_stub

---------------  P R O C E S S  ---------------

Java Threads: ( => current thread )
  0x0487e000 JavaThread "Thread-1" daemon [_thread_in_native, id=5916, stack(0x09490000,0x094e0000)]
  0x07ae4800 JavaThread "TimerQueue" daemon [_thread_blocked, id=2084, stack(0x07f80000,0x07fd0000)]
  0x00d2a800 JavaThread "DestroyJavaVM" [_thread_blocked, id=6800, stack(0x001e0000,0x00230000)]
  0x047e9c00 JavaThread "AWT-EventQueue-0" [_thread_blocked, id=4560, stack(0x05850000,0x058a0000)]
=>0x047c9000 JavaThread "AWT-Windows" daemon [_thread_in_native, id=6112, stack(0x04dc0000,0x04e10000)]
  0x047c8800 JavaThread "AWT-Shutdown" [_thread_blocked, id=7860, stack(0x04d30000,0x04d80000)]
  0x047c6400 JavaThread "Java2D Disposer" daemon [_thread_blocked, id=3852, stack(0x04ce0000,0x04d30000)]
  0x021bdc00 JavaThread "Low Memory Detector" daemon [_thread_blocked, id=7732, stack(0x045f0000,0x04640000)]
  0x021b1c00 JavaThread "CompilerThread0" daemon [_thread_blocked, id=7016, stack(0x04560000,0x045b0000)]
  0x021b0c00 JavaThread "Attach Listener" daemon [_thread_blocked, id=7200, stack(0x044d0000,0x04520000)]
  0x021ad400 JavaThread "Signal Dispatcher" daemon [_thread_blocked, id=3460, stack(0x04440000,0x04490000)]
  0x02164c00 JavaThread "Finalizer" daemon [_thread_blocked, id=4648, stack(0x043b0000,0x04400000)]
  0x02163400 JavaThread "Reference Handler" daemon [_thread_blocked, id=7964, stack(0x04320000,0x04370000)]

Other Threads:
  0x02161800 VMThread [stack: 0x04290000,0x042e0000] [id=6644]
  0x021c7000 WatcherThread [stack: 0x04680000,0x046d0000] [id=5504]

VM state:not at safepoint (normal execution)

VM Mutex/Monitor currently owned by a thread: None

Heap
 def new generation   total 4928K, used 3601K [0x24260000, 0x247b0000, 0x297b0000)
  eden space 4416K,  81% used [0x24260000, 0x245e4420, 0x246b0000)
  from space 512K,   0% used [0x24730000, 0x24730018, 0x247b0000)
  to   space 512K,   0% used [0x246b0000, 0x246b0000, 0x24730000)
 tenured generation   total 10944K, used 1695K [0x297b0000, 0x2a260000, 0x34260000)
   the space 10944K,  15% used [0x297b0000, 0x29957c38, 0x29957e00, 0x2a260000)
 compacting perm gen  total 12288K, used 2515K [0x34260000, 0x34e60000, 0x38260000)
   the space 12288K,  20% used [0x34260000, 0x344d4f30, 0x344d5000, 0x34e60000)
    ro space 10240K,  54% used [0x38260000, 0x387dc0f0, 0x387dc200, 0x38c60000)
    rw space 12288K,  55% used [0x38c60000, 0x392ffb80, 0x392ffc00, 0x39860000)

Dynamic libraries:
0x00400000 - 0x00424000 	C:\Program Files (x86)\Java\jdk1.6.0_21\bin\java.exe
0x77e30000 - 0x77fb0000 	C:\Windows\SysWOW64\ntdll.dll
0x75c80000 - 0x75d90000 	C:\Windows\syswow64\kernel32.dll
0x76e80000 - 0x76ec6000 	C:\Windows\syswow64\KERNELBASE.dll
0x774d0000 - 0x77570000 	C:\Windows\syswow64\ADVAPI32.dll
0x770e0000 - 0x7718c000 	C:\Windows\syswow64\msvcrt.dll
0x76cb0000 - 0x76cc9000 	C:\Windows\SysWOW64\sechost.dll
0x76d90000 - 0x76e80000 	C:\Windows\syswow64\RPCRT4.dll
0x75510000 - 0x75570000 	C:\Windows\syswow64\SspiCli.dll
0x75500000 - 0x7550c000 	C:\Windows\syswow64\CRYPTBASE.dll
0x7c340000 - 0x7c396000 	C:\Program Files (x86)\Java\jdk1.6.0_21\jre\bin\msvcr71.dll
0x6d8b0000 - 0x6db57000 	C:\Program Files (x86)\Java\jdk1.6.0_21\jre\bin\client\jvm.dll
0x75d90000 - 0x75e90000 	C:\Windows\syswow64\USER32.dll
0x75f90000 - 0x76020000 	C:\Windows\syswow64\GDI32.dll
0x75ef0000 - 0x75efa000 	C:\Windows\syswow64\LPK.dll
0x77040000 - 0x770dd000 	C:\Windows\syswow64\USP10.dll
0x74f00000 - 0x74f32000 	C:\Windows\system32\WINMM.dll
0x75e90000 - 0x75ef0000 	C:\Windows\system32\IMM32.DLL
0x757a0000 - 0x7586c000 	C:\Windows\syswow64\MSCTF.dll
0x6f6f0000 - 0x6f73c000 	C:\Windows\system32\apphelp.dll
0x6d860000 - 0x6d86c000 	C:\Program Files (x86)\Java\jdk1.6.0_21\jre\bin\verify.dll
0x6d3e0000 - 0x6d3ff000 	C:\Program Files (x86)\Java\jdk1.6.0_21\jre\bin\java.dll
0x6d340000 - 0x6d348000 	C:\Program Files (x86)\Java\jdk1.6.0_21\jre\bin\hpi.dll
0x76ca0000 - 0x76ca5000 	C:\Windows\syswow64\PSAPI.DLL
0x6d8a0000 - 0x6d8af000 	C:\Program Files (x86)\Java\jdk1.6.0_21\jre\bin\zip.dll
0x6d0b0000 - 0x6d1fa000 	C:\Program Files (x86)\Java\jdk1.6.0_21\jre\bin\awt.dll
0x74c80000 - 0x74cd1000 	C:\Windows\system32\WINSPOOL.DRV
0x77190000 - 0x772ec000 	C:\Windows\syswow64\ole32.dll
0x048d0000 - 0x04a6e000 	C:\Windows\WinSxS\x86_microsoft.windows.common-controls_6595b64144ccf1df_6.0.7601.17514_none_41e6975e2bd6f2b2\COMCTL32.dll
0x76cd0000 - 0x76d27000 	C:\Windows\syswow64\SHLWAPI.dll
0x749b0000 - 0x749c3000 	C:\Windows\system32\DWMAPI.DLL
0x04ac0000 - 0x04b40000 	C:\Windows\system32\uxtheme.dll
0x76050000 - 0x76c9a000 	C:\Windows\syswow64\shell32.dll
0x6d2e0000 - 0x6d334000 	C:\Program Files (x86)\Java\jdk1.6.0_21\jre\bin\fontmanager.dll
0x66880000 - 0x66a43000 	C:\Windows\system32\d3d9.dll
0x72ae0000 - 0x72ae9000 	C:\Windows\system32\VERSION.dll
0x679f0000 - 0x679f6000 	C:\Windows\system32\d3d8thk.dll
0x67060000 - 0x6714f000 	C:\Windows\system32\aticfx32.dll
0x65a90000 - 0x65aa9000 	C:\Windows\system32\atiu9pag.dll
0x654a0000 - 0x65a17000 	C:\Windows\system32\atiumdag.dll
0x64c70000 - 0x65076000 	C:\Windows\system32\atiumdva.dll
0x6d6c0000 - 0x6d6d3000 	C:\Program Files (x86)\Java\jdk1.6.0_21\jre\bin\net.dll
0x75600000 - 0x75635000 	C:\Windows\syswow64\WS2_32.dll
0x774c0000 - 0x774c6000 	C:\Windows\syswow64\NSI.dll
0x73f30000 - 0x73f6c000 	C:\Windows\system32\mswsock.dll
0x67410000 - 0x67416000 	C:\Windows\System32\wship6.dll
0x6d6e0000 - 0x6d6e9000 	C:\Program Files (x86)\Java\jdk1.6.0_21\jre\bin\nio.dll
0x6d250000 - 0x6d273000 	C:\Program Files (x86)\Java\jdk1.6.0_21\jre\bin\dcpr.dll
0x75870000 - 0x758ff000 	C:\Windows\syswow64\OLEAUT32.DLL

VM Arguments:
jvm_args: -Dfile.encoding=UTF-8 -Djava.library.path=./dll 
java_command: net.labthink.tools.DeviceResultCompute
Launcher Type: SUN_STANDARD

Environment Variables:
JAVA_HOME=C:\Program Files\Java\jdk1.7.0_25
PATH=C:\Program Files (x86)\AMD APP\bin\x86_64;C:\Program Files (x86)\AMD APP\bin\x86;C:\Ruby193\bin;C:\Python27\;C:\Python27\Scripts;C:\Windows\system32;C:\Windows;C:\Windows\System32\Wbem;C:\Windows\System32\WindowsPowerShell\v1.0\;C:\Program Files\Java\jdk1.7.0_25;C:\Program Files\Java\jdk1.7.0_25\BIN;C:\Program Files (x86)\Bitvise Tunnelier;C:\PROGRA~2\cvsnt;C:\Program Files (x86)\Microsoft SQL Server\90\Tools\binn\;C:\Program Files\MySQL\MySQL Server 5.5\bin;C:\Program Files (x86)\VisualSVN\bin;C:\Program Files\TortoiseSVN\bin;C:\Program Files (x86)\Microsoft SQL Server\80\Tools\Binn\;C:\Program Files (x86)\Git\bin;C:\Program Files (x86)\ATI Technologies\ATI.ACE\Core-Static;D:\DevelopeTools\Java\apache-ant-1.8.4\;D:\DevelopeTools\Java\apache-ant-1.8.4\\bin;F:\android_rom\adt-bundle-windows-x86_64\sdk;F:\android_rom\adt-bundle-windows-x86_64\sdk\tools;F:\android_rom\adt-bundle-windows-x86_64\sdk\platform-tools;C:\Program Files (x86)\Heroku\bin;C:\Program Files (x86)\ruby-1.9.2\bin;C:\Program Files (x86)\git\bin;C:\Program Files (x86)\git\cmd;C:\Program Files (x86)\scala\\bin;C:\Windows\system32\wbem;C:\Program Files (x86)\IVT Corporation\BlueSoleil\Mobile;F:\android_rom\adt-bundle-windows-x86_64\sdk\sdkhome;C:\Program Files (x86)\Microsoft Visual Studio\Common\Tools\WinNT;C:\Program Files (x86)\Microsoft Visual Studio\Common\MSDev98\Bin;C:\Program Files (x86)\Microsoft Visual Studio\Common\Tools;C:\Program Files (x86)\Microsoft Visual Studio\VC98\bin;APPDATA\Python\Scripts;C:\Program Files (x86)\CVSNT\;C:\Program Files (x86)\IDM Computer Solutions\UltraEdit\;D:\DevelopeTools\Java\play-2.1.0;C:\Program Files (x86)\Google\google_appengine\
USERNAME=Moses
OS=Windows_NT
PROCESSOR_IDENTIFIER=Intel64 Family 6 Model 23 Stepping 10, GenuineIntel



---------------  S Y S T E M  ---------------

OS: Windows 7 Build 7601 Service Pack 1

CPU:total 2 (2 cores per cpu, 1 threads per core) family 6 model 23 stepping 10, cmov, cx8, fxsr, mmx, sse, sse2, sse3, ssse3

Memory: 4k page, physical 8320664k(1827376k free), swap 16639476k(9639900k free)

vm_info: Java HotSpot(TM) Client VM (17.0-b17) for windows-x86 JRE (1.6.0_21-b07), built on Jul 17 2010 01:10:15 by "java_re" with MS VC++ 7.1 (VS2003)

time: Wed Nov 13 17:17:09 2013
elapsed time: 19250 seconds

