#
# A fatal error has been detected by the Java Runtime Environment:
#
#  EXCEPTION_ACCESS_VIOLATION (0xc0000005) at pc=0x21762052, pid=5376, tid=2260
#
# JRE version: 6.0_21-b07
# Java VM: Java HotSpot(TM) Client VM (17.0-b17 mixed mode windows-x86 )
# Problematic frame:
# C  0x21762052
#
# If you would like to submit a bug report, please visit:
#   http://java.sun.com/webapps/bugreport/crash.jsp
# The crash happened outside the Java Virtual Machine in native code.
# See problematic frame for where to report the bug.
#

---------------  T H R E A D  ---------------

Current thread (0x18ae1000):  JavaThread "AWT-EventQueue-0" [_thread_in_native, id=2260, stack(0x19c10000,0x19c60000)]

siginfo: ExceptionCode=0xc0000005, reading address 0x6553246e

Registers:
EAX=0x00000000, EBX=0x65532472, ECX=0x00000000, EDX=0x0000020e
ESP=0x19c5bfb4, EBP=0x19c5bfd0, ESI=0x6553246e, EDI=0x000005c4
EIP=0x21762052, EFLAGS=0x00010212

Top of Stack: (sp=0x19c5bfb4)
0x19c5bfb4:   19c5e3cc 21762186 19c5bfd0 000005c4
0x19c5bfc4:   19c5c0fc 00000000 19c5c070 19c5c070
0x19c5bfd4:   21762463 00000000 21763e69 21763e71
0x19c5bfe4:   445c3f0c 63697665 61485c65 69646472
0x19c5bff4:   6f566b73 656d756c 6f575c33 70736b72
0x19c5c004:   73656361 736e695c 6d757274 5f746e65
0x19c5c014:   6d617266 726f7765 75625c6b 5c646c69
0x19c5c024:   73616c63 5c736573 5c74656e 7462616c 

Instructions: (pc=0x21762052)
0x21762042:   0a 68 b4 95 76 21 e8 87 f0 ff ff 8b f3 83 ee 04
0x21762052:   8b 1e f6 c3 02 75 0f c7 05 b0 95 76 21 09 00 00 


Stack: [0x19c10000,0x19c60000],  sp=0x19c5bfb4,  free space=12f19c5ba98k
Native frames: (J=compiled Java code, j=interpreted, Vv=VM code, C=native code)
C  0x21762052
C  0x21762463

Java frames: (J=compiled Java code, j=interpreted, Vv=VM code)
j  java.io.FileInputStream.readBytes([BII)I+0
j  java.io.FileInputStream.read([BII)I+4
j  sun.misc.Resource.getBytes()[B+115
j  java.net.URLClassLoader.defineClass(Ljava/lang/String;Lsun/misc/Resource;Z)Ljava/lang/Class;+193
j  java.net.URLClassLoader.access$000(Ljava/net/URLClassLoader;Ljava/lang/String;Lsun/misc/Resource;Z)Ljava/lang/Class;+4
j  java.net.URLClassLoader$1.run()Ljava/lang/Object;+44
v  ~StubRoutines::call_stub
j  java.security.AccessController.doPrivileged(Ljava/security/PrivilegedExceptionAction;Ljava/security/AccessControlContext;)Ljava/lang/Object;+0
j  java.net.URLClassLoader.findClass(Ljava/lang/String;)Ljava/lang/Class;+13
j  java.lang.ClassLoader.loadClass(Ljava/lang/String;Z)Ljava/lang/Class;+47
j  sun.misc.Launcher$AppClassLoader.loadClass(Ljava/lang/String;Z)Ljava/lang/Class;+41
j  java.lang.ClassLoader.loadClass(Ljava/lang/String;)Ljava/lang/Class;+3
v  ~StubRoutines::call_stub
j  net.labthink.instrument.device.UITester.jToggleButton_CoderActionPerformed(Ljava/awt/event/ActionEvent;)V+24
j  net.labthink.instrument.device.UITester.access$2600(Lnet/labthink/instrument/device/UITester;Ljava/awt/event/ActionEvent;)V+2
j  net.labthink.instrument.device.UITester$27.actionPerformed(Ljava/awt/event/ActionEvent;)V+5
j  javax.swing.AbstractButton.fireActionPerformed(Ljava/awt/event/ActionEvent;)V+84
j  javax.swing.AbstractButton$Handler.actionPerformed(Ljava/awt/event/ActionEvent;)V+5
j  javax.swing.DefaultButtonModel.fireActionPerformed(Ljava/awt/event/ActionEvent;)V+35
j  javax.swing.JToggleButton$ToggleButtonModel.setPressed(Z)V+148
j  javax.swing.plaf.basic.BasicButtonListener.mouseReleased(Ljava/awt/event/MouseEvent;)V+35
j  java.awt.Component.processMouseEvent(Ljava/awt/event/MouseEvent;)V+64
j  javax.swing.JComponent.processMouseEvent(Ljava/awt/event/MouseEvent;)V+23
j  java.awt.Component.processEvent(Ljava/awt/AWTEvent;)V+81
j  java.awt.Container.processEvent(Ljava/awt/AWTEvent;)V+18
J  java.awt.Component.dispatchEventImpl(Ljava/awt/AWTEvent;)V
j  java.awt.Container.dispatchEventImpl(Ljava/awt/AWTEvent;)V+42
J  java.awt.Component.dispatchEvent(Ljava/awt/AWTEvent;)V
j  java.awt.LightweightDispatcher.retargetMouseEvent(Ljava/awt/Component;ILjava/awt/event/MouseEvent;)V+320
j  java.awt.LightweightDispatcher.processMouseEvent(Ljava/awt/event/MouseEvent;)Z+139
j  java.awt.LightweightDispatcher.dispatchEvent(Ljava/awt/AWTEvent;)Z+50
j  java.awt.Container.dispatchEventImpl(Ljava/awt/AWTEvent;)V+12
j  java.awt.Window.dispatchEventImpl(Ljava/awt/AWTEvent;)V+19
J  java.awt.Component.dispatchEvent(Ljava/awt/AWTEvent;)V
j  java.awt.EventQueue.dispatchEvent(Ljava/awt/AWTEvent;)V+46
j  java.awt.EventDispatchThread.pumpOneEventForFilters(I)Z+204
j  java.awt.EventDispatchThread.pumpEventsForFilter(ILjava/awt/Conditional;Ljava/awt/EventFilter;)V+30
j  java.awt.EventDispatchThread.pumpEventsForHierarchy(ILjava/awt/Conditional;Ljava/awt/Component;)V+11
j  java.awt.EventDispatchThread.pumpEvents(ILjava/awt/Conditional;)V+4
j  java.awt.EventDispatchThread.pumpEvents(Ljava/awt/Conditional;)V+3
j  java.awt.EventDispatchThread.run()V+9
v  ~StubRoutines::call_stub

---------------  P R O C E S S  ---------------

Java Threads: ( => current thread )
  0x188c6000 JavaThread "Timer-0" [_thread_blocked, id=3964, stack(0x1ca40000,0x1ca90000)]
  0x18cb8400 JavaThread "D3D Screen Updater" daemon [_thread_blocked, id=6036, stack(0x1cad0000,0x1cb20000)]
  0x18b9e400 JavaThread "TimerQueue" daemon [_thread_blocked, id=5584, stack(0x1c940000,0x1c990000)]
  0x18abf400 JavaThread "org.netbeans.modules.debugger.jpda.visual AWT Access Loop" daemon [_thread_blocked, id=5504, stack(0x19ca0000,0x19cf0000)]
  0x001da800 JavaThread "DestroyJavaVM" [_thread_blocked, id=436, stack(0x00340000,0x00390000)]
=>0x18ae1000 JavaThread "AWT-EventQueue-0" [_thread_in_native, id=2260, stack(0x19c10000,0x19c60000)]
  0x18ab4000 JavaThread "AWT-Windows" daemon [_thread_in_native, id=4992, stack(0x19180000,0x191d0000)]
  0x18ab3400 JavaThread "AWT-Shutdown" [_thread_blocked, id=1808, stack(0x190f0000,0x19140000)]
  0x18ab2800 JavaThread "Java2D Disposer" daemon [_thread_blocked, id=5736, stack(0x18ff0000,0x19040000)]
  0x02118c00 JavaThread "Low Memory Detector" daemon [_thread_blocked, id=5508, stack(0x18770000,0x187c0000)]
  0x02116800 JavaThread "CompilerThread0" daemon [_thread_blocked, id=3052, stack(0x186e0000,0x18730000)]
  0x02102c00 JavaThread "JDWP Command Reader" daemon [_thread_in_native, id=2876, stack(0x18650000,0x186a0000)]
  0x02101c00 JavaThread "JDWP Event Helper Thread" daemon [_thread_blocked, id=5032, stack(0x185c0000,0x18610000)]
  0x020fe800 JavaThread "JDWP Transport Listener: dt_shmem" daemon [_thread_blocked, id=4904, stack(0x18530000,0x18580000)]
  0x020cf400 JavaThread "Attach Listener" daemon [_thread_blocked, id=880, stack(0x184a0000,0x184f0000)]
  0x020cc400 JavaThread "Signal Dispatcher" daemon [_thread_blocked, id=6080, stack(0x18410000,0x18460000)]
  0x020bc800 JavaThread "Finalizer" daemon [_thread_blocked, id=5724, stack(0x18380000,0x183d0000)]
  0x020bb000 JavaThread "Reference Handler" daemon [_thread_blocked, id=6104, stack(0x182f0000,0x18340000)]

Other Threads:
  0x020b8000 VMThread [stack: 0x18260000,0x182b0000] [id=2116]
  0x0211a400 WatcherThread [stack: 0x18800000,0x18850000] [id=3000]

VM state:not at safepoint (normal execution)

VM Mutex/Monitor currently owned by a thread: None

Heap
 def new generation   total 4928K, used 746K [0x041b0000, 0x04700000, 0x09700000)
  eden space 4416K,   5% used [0x041b0000, 0x041ea950, 0x04600000)
  from space 512K, 100% used [0x04680000, 0x04700000, 0x04700000)
  to   space 512K,   0% used [0x04600000, 0x04600000, 0x04680000)
 tenured generation   total 10944K, used 5329K [0x09700000, 0x0a1b0000, 0x141b0000)
   the space 10944K,  48% used [0x09700000, 0x09c34440, 0x09c34600, 0x0a1b0000)
 compacting perm gen  total 12288K, used 10614K [0x141b0000, 0x14db0000, 0x181b0000)
   the space 12288K,  86% used [0x141b0000, 0x14c0da98, 0x14c0dc00, 0x14db0000)
No shared spaces configured.

Dynamic libraries:
0x00400000 - 0x00424000 	C:\Program Files (x86)\Java\jdk1.6.0_21\bin\java.exe
0x771a0000 - 0x77320000 	C:\Windows\SysWOW64\ntdll.dll
0x757e0000 - 0x758f0000 	C:\Windows\syswow64\kernel32.dll
0x765a0000 - 0x765e6000 	C:\Windows\syswow64\KERNELBASE.dll
0x74f30000 - 0x74fd0000 	C:\Windows\syswow64\ADVAPI32.dll
0x75410000 - 0x754bc000 	C:\Windows\syswow64\msvcrt.dll
0x74c30000 - 0x74c49000 	C:\Windows\SysWOW64\sechost.dll
0x76680000 - 0x76770000 	C:\Windows\syswow64\RPCRT4.dll
0x74880000 - 0x748e0000 	C:\Windows\syswow64\SspiCli.dll
0x74870000 - 0x7487c000 	C:\Windows\syswow64\CRYPTBASE.dll
0x7c340000 - 0x7c396000 	C:\Program Files (x86)\Java\jdk1.6.0_21\jre\bin\msvcr71.dll
0x6d8b0000 - 0x6db57000 	C:\Program Files (x86)\Java\jdk1.6.0_21\jre\bin\client\jvm.dll
0x748e0000 - 0x749e0000 	C:\Windows\syswow64\USER32.dll
0x75320000 - 0x753b0000 	C:\Windows\syswow64\GDI32.dll
0x76590000 - 0x7659a000 	C:\Windows\syswow64\LPK.dll
0x75620000 - 0x756bd000 	C:\Windows\syswow64\USP10.dll
0x723d0000 - 0x72402000 	C:\Windows\system32\WINMM.dll
0x74c50000 - 0x74cb0000 	C:\Windows\system32\IMM32.DLL
0x74de0000 - 0x74eac000 	C:\Windows\syswow64\MSCTF.dll
0x71ce0000 - 0x71d2c000 	C:\Windows\system32\apphelp.dll
0x6d860000 - 0x6d86c000 	C:\Program Files (x86)\Java\jdk1.6.0_21\jre\bin\verify.dll
0x6d3e0000 - 0x6d3ff000 	C:\Program Files (x86)\Java\jdk1.6.0_21\jre\bin\java.dll
0x6d340000 - 0x6d348000 	C:\Program Files (x86)\Java\jdk1.6.0_21\jre\bin\hpi.dll
0x75310000 - 0x75315000 	C:\Windows\syswow64\PSAPI.DLL
0x6d430000 - 0x6d459000 	C:\Program Files (x86)\Java\jdk1.6.0_21\jre\bin\jdwp.dll
0x6d750000 - 0x6d756000 	C:\Program Files (x86)\Java\jdk1.6.0_21\jre\bin\npt.dll
0x6d8a0000 - 0x6d8af000 	C:\Program Files (x86)\Java\jdk1.6.0_21\jre\bin\zip.dll
0x6d2a0000 - 0x6d2a8000 	C:\Program Files (x86)\Java\jdk1.6.0_21\jre\bin\dt_shmem.dll
0x6d0b0000 - 0x6d1fa000 	C:\Program Files (x86)\Java\jdk1.6.0_21\jre\bin\awt.dll
0x71c10000 - 0x71c61000 	C:\Windows\system32\WINSPOOL.DRV
0x754c0000 - 0x7561c000 	C:\Windows\syswow64\ole32.dll
0x71e50000 - 0x71fee000 	C:\Windows\WinSxS\x86_microsoft.windows.common-controls_6595b64144ccf1df_6.0.7601.17514_none_41e6975e2bd6f2b2\COMCTL32.dll
0x753b0000 - 0x75407000 	C:\Windows\syswow64\SHLWAPI.dll
0x18eb0000 - 0x18ec3000 	C:\Windows\system32\DWMAPI.DLL
0x70580000 - 0x70600000 	C:\Windows\system32\uxtheme.dll
0x75940000 - 0x7658a000 	C:\Windows\syswow64\shell32.dll
0x6d2e0000 - 0x6d334000 	C:\Program Files (x86)\Java\jdk1.6.0_21\jre\bin\fontmanager.dll
0x6bbb0000 - 0x6bd73000 	C:\Windows\system32\d3d9.dll
0x72670000 - 0x72679000 	C:\Windows\system32\VERSION.dll
0x6c4e0000 - 0x6c4e6000 	C:\Windows\system32\d3d8thk.dll
0x6ebe0000 - 0x6eccf000 	C:\Windows\system32\aticfx32.dll
0x6e5a0000 - 0x6e5b9000 	C:\Windows\system32\atiu9pag.dll
0x62da0000 - 0x63317000 	C:\Windows\system32\atiumdag.dll
0x62920000 - 0x62d26000 	C:\Windows\system32\atiumdva.dll
0x6d6c0000 - 0x6d6d3000 	C:\Program Files (x86)\Java\jdk1.6.0_21\jre\bin\net.dll
0x76780000 - 0x767b5000 	C:\Windows\syswow64\WS2_32.dll
0x74cb0000 - 0x74cb6000 	C:\Windows\syswow64\NSI.dll
0x72710000 - 0x7274c000 	C:\Windows\system32\mswsock.dll
0x6ce30000 - 0x6ce36000 	C:\Windows\System32\wship6.dll
0x6d6e0000 - 0x6d6e9000 	C:\Program Files (x86)\Java\jdk1.6.0_21\jre\bin\nio.dll
0x74ba0000 - 0x74c2f000 	C:\Windows\syswow64\OLEAUT32.DLL

VM Arguments:
jvm_args: -Xdebug -Xrunjdwp:transport=dt_shmem,address=javadebug -Dfile.encoding=UTF-8 -Djava.library.path=./dll 
java_command: net.labthink.instrument.device.UITester
Launcher Type: SUN_STANDARD

Environment Variables:
JAVA_HOME=C:\Program Files\Java\jdk1.7.0_25
PATH=C:\Program Files (x86)\AMD APP\bin\x86_64;C:\Program Files (x86)\AMD APP\bin\x86;C:\Ruby193\bin;C:\Python27\;C:\Python27\Scripts;C:\Windows\system32;C:\Windows;C:\Windows\System32\Wbem;C:\Windows\System32\WindowsPowerShell\v1.0\;C:\Program Files\Java\jdk1.7.0_25;C:\Program Files\Java\jdk1.7.0_25\BIN;C:\Program Files (x86)\Bitvise Tunnelier;C:\PROGRA~2\cvsnt;C:\Program Files (x86)\Microsoft SQL Server\90\Tools\binn\;C:\Program Files\MySQL\MySQL Server 5.5\bin;C:\Program Files (x86)\VisualSVN\bin;C:\Program Files\TortoiseSVN\bin;C:\Program Files (x86)\Microsoft SQL Server\80\Tools\Binn\;C:\Program Files (x86)\Git\bin;C:\Program Files (x86)\ATI Technologies\ATI.ACE\Core-Static;D:\DevelopeTools\Java\apache-ant-1.8.4\;D:\DevelopeTools\Java\apache-ant-1.8.4\\bin;F:\android_rom\adt-bundle-windows-x86_64\sdk;F:\android_rom\adt-bundle-windows-x86_64\sdk\tools;F:\android_rom\adt-bundle-windows-x86_64\sdk\platform-tools;C:\Program Files (x86)\Heroku\bin;C:\Program Files (x86)\ruby-1.9.2\bin;C:\Program Files (x86)\git\bin;C:\Program Files (x86)\git\cmd;C:\Program Files (x86)\scala\\bin;C:\Windows\system32\wbem;C:\Program Files (x86)\IVT Corporation\BlueSoleil\Mobile;C:\Program Files (x86)\Microsoft Visual Studio\Common\Tools\WinNT;C:\Program Files (x86)\Microsoft Visual Studio\Common\MSDev98\Bin;C:\Program Files (x86)\Microsoft Visual Studio\Common\Tools;C:\Program Files (x86)\Microsoft Visual Studio\VC98\bin;C:\Users\Moses\AppData\Roaming\Python\Scripts;C:\Program Files (x86)\CVSNT\;C:\Program Files (x86)\IDM Computer Solutions\UltraEdit\;D:\DevelopeTools\Java\play-2.1.0;C:\Program Files (x86)\Google\google_appengine\
USERNAME=Moses
OS=Windows_NT
PROCESSOR_IDENTIFIER=Intel64 Family 6 Model 23 Stepping 10, GenuineIntel



---------------  S Y S T E M  ---------------

OS: Windows 7 Build 7601 Service Pack 1

CPU:total 2 (2 cores per cpu, 1 threads per core) family 6 model 23 stepping 10, cmov, cx8, fxsr, mmx, sse, sse2, sse3, ssse3

Memory: 4k page, physical 8320664k(4492888k free), swap 16639476k(12260560k free)

vm_info: Java HotSpot(TM) Client VM (17.0-b17) for windows-x86 JRE (1.6.0_21-b07), built on Jul 17 2010 01:10:15 by "java_re" with MS VC++ 7.1 (VS2003)

time: Wed Aug 21 07:54:07 2013
elapsed time: 9 seconds

