#
# A fatal error has been detected by the Java Runtime Environment:
#
#  EXCEPTION_ACCESS_VIOLATION (0xc0000005) at pc=0x21762052, pid=11184, tid=11032
#
# JRE version: 6.0_21-b07
# Java VM: Java HotSpot(TM) Client VM (17.0-b17 mixed mode, sharing windows-x86 )
# Problematic frame:
# C  0x21762052
#
# If you would like to submit a bug report, please visit:
#   http://java.sun.com/webapps/bugreport/crash.jsp
# The crash happened outside the Java Virtual Machine in native code.
# See problematic frame for where to report the bug.
#

---------------  T H R E A D  ---------------

Current thread (0x04879400):  JavaThread "AWT-EventQueue-0" [_thread_in_native, id=11032, stack(0x05650000,0x056a0000)]

siginfo: ExceptionCode=0xc0000005, reading address 0x695a5c6f

Registers:
EAX=0x00000000, EBX=0x695a5c73, ECX=0x00000000, EDX=0x0000020e
ESP=0x0569c834, EBP=0x0569c850, ESI=0x695a5c6f, EDI=0x00000550
EIP=0x21762052, EFLAGS=0x00010216

Top of Stack: (sp=0x0569c834)
0x0569c834:   0569ec4c 21762186 0569c850 00000550
0x0569c844:   0569c97c 00000000 0569c8f0 0569c8f0
0x0569c854:   21762463 00000000 21763e69 21763e71
0x0569c864:   445c3f0c 63697665 61485c65 69646472
0x0569c874:   6f566b73 656d756c 6f575c33 70736b72
0x0569c884:   73656361 736e695c 6d757274 5f746e65
0x0569c894:   6d617266 726f7765 75625c6b 5c646c69
0x0569c8a4:   73616c63 5c736573 5c74656e 7462616c 

Instructions: (pc=0x21762052)
0x21762042:   0a 68 b4 95 76 21 e8 87 f0 ff ff 8b f3 83 ee 04
0x21762052:   8b 1e f6 c3 02 75 0f c7 05 b0 95 76 21 09 00 00 


Stack: [0x05650000,0x056a0000],  sp=0x0569c834,  free space=1320569c318k
Native frames: (J=compiled Java code, j=interpreted, Vv=VM code, C=native code)
C  0x21762052
C  0x21762463

Java frames: (J=compiled Java code, j=interpreted, Vv=VM code)
j  java.io.FileInputStream.readBytes([BII)I+0
j  java.io.FileInputStream.read([BII)I+4
j  sun.misc.Resource.getBytes()[B+115
j  java.net.URLClassLoader.defineClass(Ljava/lang/String;Lsun/misc/Resource;Z)Ljava/lang/Class;+193
j  java.net.URLClassLoader.access$000(Ljava/net/URLClassLoader;Ljava/lang/String;Lsun/misc/Resource;Z)Ljava/lang/Class;+4
j  java.net.URLClassLoader$1.run()Ljava/lang/Object;+44
v  ~StubRoutines::call_stub
j  java.security.AccessController.doPrivileged(Ljava/security/PrivilegedExceptionAction;Ljava/security/AccessControlContext;)Ljava/lang/Object;+0
j  java.net.URLClassLoader.findClass(Ljava/lang/String;)Ljava/lang/Class;+13
j  java.lang.ClassLoader.loadClass(Ljava/lang/String;Z)Ljava/lang/Class;+47
j  sun.misc.Launcher$AppClassLoader.loadClass(Ljava/lang/String;Z)Ljava/lang/Class;+41
j  java.lang.ClassLoader.loadClass(Ljava/lang/String;)Ljava/lang/Class;+3
v  ~StubRoutines::call_stub
j  net.labthink.tools.WEXUtil.jToggleButton_startStopActionActionPerformed(Ljava/awt/event/ActionEvent;)V+8
j  net.labthink.tools.WEXUtil.access$100(Lnet/labthink/tools/WEXUtil;Ljava/awt/event/ActionEvent;)V+2
j  net.labthink.tools.WEXUtil$2.actionPerformed(Ljava/awt/event/ActionEvent;)V+5
j  javax.swing.AbstractButton.fireActionPerformed(Ljava/awt/event/ActionEvent;)V+84
j  javax.swing.AbstractButton$Handler.actionPerformed(Ljava/awt/event/ActionEvent;)V+5
j  javax.swing.DefaultButtonModel.fireActionPerformed(Ljava/awt/event/ActionEvent;)V+35
j  javax.swing.JToggleButton$ToggleButtonModel.setPressed(Z)V+148
j  javax.swing.plaf.basic.BasicButtonListener.mouseReleased(Ljava/awt/event/MouseEvent;)V+35
j  java.awt.Component.processMouseEvent(Ljava/awt/event/MouseEvent;)V+64
j  javax.swing.JComponent.processMouseEvent(Ljava/awt/event/MouseEvent;)V+23
j  java.awt.Component.processEvent(Ljava/awt/AWTEvent;)V+81
j  java.awt.Container.processEvent(Ljava/awt/AWTEvent;)V+18
j  java.awt.Component.dispatchEventImpl(Ljava/awt/AWTEvent;)V+566
j  java.awt.Container.dispatchEventImpl(Ljava/awt/AWTEvent;)V+42
J  java.awt.LightweightDispatcher.retargetMouseEvent(Ljava/awt/Component;ILjava/awt/event/MouseEvent;)V
j  java.awt.LightweightDispatcher.processMouseEvent(Ljava/awt/event/MouseEvent;)Z+139
j  java.awt.LightweightDispatcher.dispatchEvent(Ljava/awt/AWTEvent;)Z+50
j  java.awt.Container.dispatchEventImpl(Ljava/awt/AWTEvent;)V+12
j  java.awt.Window.dispatchEventImpl(Ljava/awt/AWTEvent;)V+19
j  java.awt.Component.dispatchEvent(Ljava/awt/AWTEvent;)V+2
j  java.awt.EventQueue.dispatchEvent(Ljava/awt/AWTEvent;)V+46
J  java.awt.EventDispatchThread.pumpOneEventForFilters(I)Z
j  java.awt.EventDispatchThread.pumpEventsForFilter(ILjava/awt/Conditional;Ljava/awt/EventFilter;)V+30
j  java.awt.EventDispatchThread.pumpEventsForHierarchy(ILjava/awt/Conditional;Ljava/awt/Component;)V+11
j  java.awt.EventDispatchThread.pumpEvents(ILjava/awt/Conditional;)V+4
j  java.awt.EventDispatchThread.pumpEvents(Ljava/awt/Conditional;)V+3
j  java.awt.EventDispatchThread.run()V+9
v  ~StubRoutines::call_stub

---------------  P R O C E S S  ---------------

Java Threads: ( => current thread )
  0x08e56000 JavaThread "D3D Screen Updater" daemon [_thread_blocked, id=9560, stack(0x08ab0000,0x08b00000)]
  0x08e2d000 JavaThread "TimerQueue" daemon [_thread_blocked, id=12856, stack(0x08a20000,0x08a70000)]
  0x0035a800 JavaThread "DestroyJavaVM" [_thread_blocked, id=11588, stack(0x00210000,0x00260000)]
=>0x04879400 JavaThread "AWT-EventQueue-0" [_thread_in_native, id=11032, stack(0x05650000,0x056a0000)]
  0x04806c00 JavaThread "AWT-Windows" daemon [_thread_in_native, id=13216, stack(0x04bc0000,0x04c10000)]
  0x04806400 JavaThread "AWT-Shutdown" [_thread_blocked, id=10124, stack(0x04ae0000,0x04b30000)]
  0x04805c00 JavaThread "Java2D Disposer" daemon [_thread_blocked, id=11900, stack(0x04a50000,0x04aa0000)]
  0x020f1000 JavaThread "Low Memory Detector" daemon [_thread_blocked, id=9104, stack(0x045f0000,0x04640000)]
  0x020e1c00 JavaThread "CompilerThread0" daemon [_thread_blocked, id=5804, stack(0x04560000,0x045b0000)]
  0x020e0c00 JavaThread "Attach Listener" daemon [_thread_blocked, id=8388, stack(0x044d0000,0x04520000)]
  0x020dd400 JavaThread "Signal Dispatcher" daemon [_thread_blocked, id=8308, stack(0x04440000,0x04490000)]
  0x02098000 JavaThread "Finalizer" daemon [_thread_blocked, id=7780, stack(0x043b0000,0x04400000)]
  0x02093400 JavaThread "Reference Handler" daemon [_thread_blocked, id=10212, stack(0x04320000,0x04370000)]

Other Threads:
  0x02092000 VMThread [stack: 0x04290000,0x042e0000] [id=11948]
  0x020f5400 WatcherThread [stack: 0x04680000,0x046d0000] [id=10280]

VM state:not at safepoint (normal execution)

VM Mutex/Monitor currently owned by a thread: None

Heap
 def new generation   total 4928K, used 3531K [0x24260000, 0x247b0000, 0x297b0000)
  eden space 4416K,  68% used [0x24260000, 0x24552c18, 0x246b0000)
  from space 512K, 100% used [0x246b0000, 0x24730000, 0x24730000)
  to   space 512K,   0% used [0x24730000, 0x24730000, 0x247b0000)
 tenured generation   total 10944K, used 3465K [0x297b0000, 0x2a260000, 0x34260000)
   the space 10944K,  31% used [0x297b0000, 0x29b12528, 0x29b12600, 0x2a260000)
 compacting perm gen  total 12288K, used 1118K [0x34260000, 0x34e60000, 0x38260000)
   the space 12288K,   9% used [0x34260000, 0x34377980, 0x34377a00, 0x34e60000)
    ro space 10240K,  54% used [0x38260000, 0x387dc0f0, 0x387dc200, 0x38c60000)
    rw space 12288K,  55% used [0x38c60000, 0x392ffb80, 0x392ffc00, 0x39860000)

Dynamic libraries:
0x00400000 - 0x00424000 	C:\Program Files (x86)\Java\jdk1.6.0_21\bin\java.exe
0x779a0000 - 0x77b20000 	C:\Windows\SysWOW64\ntdll.dll
0x76690000 - 0x767a0000 	C:\Windows\syswow64\kernel32.dll
0x76640000 - 0x76686000 	C:\Windows\syswow64\KERNELBASE.dll
0x76070000 - 0x76110000 	C:\Windows\syswow64\ADVAPI32.dll
0x77030000 - 0x770dc000 	C:\Windows\syswow64\msvcrt.dll
0x75240000 - 0x75259000 	C:\Windows\SysWOW64\sechost.dll
0x76900000 - 0x769f0000 	C:\Windows\syswow64\RPCRT4.dll
0x75080000 - 0x750e0000 	C:\Windows\syswow64\SspiCli.dll
0x75070000 - 0x7507c000 	C:\Windows\syswow64\CRYPTBASE.dll
0x7c340000 - 0x7c396000 	C:\Program Files (x86)\Java\jdk1.6.0_21\jre\bin\msvcr71.dll
0x6d8b0000 - 0x6db57000 	C:\Program Files (x86)\Java\jdk1.6.0_21\jre\bin\client\jvm.dll
0x76480000 - 0x76580000 	C:\Windows\syswow64\USER32.dll
0x76240000 - 0x762d0000 	C:\Windows\syswow64\GDI32.dll
0x76580000 - 0x7658a000 	C:\Windows\syswow64\LPK.dll
0x76590000 - 0x7662d000 	C:\Windows\syswow64\USP10.dll
0x6e780000 - 0x6e7b2000 	C:\Windows\system32\WINMM.dll
0x76420000 - 0x76480000 	C:\Windows\system32\IMM32.DLL
0x75260000 - 0x7532c000 	C:\Windows\syswow64\MSCTF.dll
0x6f900000 - 0x6f94c000 	C:\Windows\system32\apphelp.dll
0x6d860000 - 0x6d86c000 	C:\Program Files (x86)\Java\jdk1.6.0_21\jre\bin\verify.dll
0x6d3e0000 - 0x6d3ff000 	C:\Program Files (x86)\Java\jdk1.6.0_21\jre\bin\java.dll
0x6d340000 - 0x6d348000 	C:\Program Files (x86)\Java\jdk1.6.0_21\jre\bin\hpi.dll
0x76ed0000 - 0x76ed5000 	C:\Windows\syswow64\PSAPI.DLL
0x6d8a0000 - 0x6d8af000 	C:\Program Files (x86)\Java\jdk1.6.0_21\jre\bin\zip.dll
0x6d0b0000 - 0x6d1fa000 	C:\Program Files (x86)\Java\jdk1.6.0_21\jre\bin\awt.dll
0x6d570000 - 0x6d5c1000 	C:\Windows\system32\WINSPOOL.DRV
0x767a0000 - 0x768fc000 	C:\Windows\syswow64\ole32.dll
0x6f0b0000 - 0x6f24e000 	C:\Windows\WinSxS\x86_microsoft.windows.common-controls_6595b64144ccf1df_6.0.7601.17514_none_41e6975e2bd6f2b2\COMCTL32.dll
0x76c40000 - 0x76c97000 	C:\Windows\syswow64\SHLWAPI.dll
0x6e8e0000 - 0x6e8f3000 	C:\Windows\system32\DWMAPI.DLL
0x6f020000 - 0x6f0a0000 	C:\Windows\system32\uxtheme.dll
0x75330000 - 0x75f7a000 	C:\Windows\syswow64\shell32.dll
0x6d2e0000 - 0x6d334000 	C:\Program Files (x86)\Java\jdk1.6.0_21\jre\bin\fontmanager.dll
0x66d20000 - 0x66ee3000 	C:\Windows\system32\d3d9.dll
0x6e9f0000 - 0x6e9f9000 	C:\Windows\system32\VERSION.dll
0x67670000 - 0x67676000 	C:\Windows\system32\d3d8thk.dll
0x69ef0000 - 0x69fdf000 	C:\Windows\system32\aticfx32.dll
0x642c0000 - 0x642d9000 	C:\Windows\system32\atiu9pag.dll
0x63d40000 - 0x642b7000 	C:\Windows\system32\atiumdag.dll
0x63920000 - 0x63d26000 	C:\Windows\system32\atiumdva.dll
0x6d6c0000 - 0x6d6d3000 	C:\Program Files (x86)\Java\jdk1.6.0_21\jre\bin\net.dll
0x761e0000 - 0x76215000 	C:\Windows\syswow64\WS2_32.dll
0x75110000 - 0x75116000 	C:\Windows\syswow64\NSI.dll
0x6f270000 - 0x6f2ac000 	C:\Windows\system32\mswsock.dll
0x6f250000 - 0x6f256000 	C:\Windows\System32\wship6.dll
0x6d6e0000 - 0x6d6e9000 	C:\Program Files (x86)\Java\jdk1.6.0_21\jre\bin\nio.dll
0x76bb0000 - 0x76c3f000 	C:\Windows\syswow64\OLEAUT32.DLL

VM Arguments:
jvm_args: -Dfile.encoding=UTF-8 -Djava.library.path=./dll 
java_command: net.labthink.tools.WEXUtil
Launcher Type: SUN_STANDARD

Environment Variables:
JAVA_HOME=C:\Program Files\Java\jdk1.7.0_25
PATH=C:\Program Files (x86)\AMD APP\bin\x86_64;C:\Program Files (x86)\AMD APP\bin\x86;C:\Ruby193\bin;C:\Python27\;C:\Python27\Scripts;C:\Windows\system32;C:\Windows;C:\Windows\System32\Wbem;C:\Windows\System32\WindowsPowerShell\v1.0\;C:\Program Files\Java\jdk1.7.0_25;C:\Program Files\Java\jdk1.7.0_25\BIN;C:\Program Files (x86)\Bitvise Tunnelier;C:\PROGRA~2\cvsnt;C:\Program Files (x86)\Microsoft SQL Server\90\Tools\binn\;C:\Program Files\MySQL\MySQL Server 5.5\bin;C:\Program Files (x86)\VisualSVN\bin;C:\Program Files\TortoiseSVN\bin;C:\Program Files (x86)\Microsoft SQL Server\80\Tools\Binn\;C:\Program Files (x86)\Git\bin;C:\Program Files (x86)\ATI Technologies\ATI.ACE\Core-Static;D:\DevelopeTools\Java\apache-ant-1.8.4\;D:\DevelopeTools\Java\apache-ant-1.8.4\\bin;F:\android_rom\adt-bundle-windows-x86_64\sdk;F:\android_rom\adt-bundle-windows-x86_64\sdk\tools;F:\android_rom\adt-bundle-windows-x86_64\sdk\platform-tools;C:\Program Files (x86)\Heroku\bin;C:\Program Files (x86)\ruby-1.9.2\bin;C:\Program Files (x86)\git\bin;C:\Program Files (x86)\git\cmd;C:\Program Files (x86)\scala\\bin;C:\Windows\system32\wbem;C:\Program Files (x86)\IVT Corporation\BlueSoleil\Mobile;F:\android_rom\adt-bundle-windows-x86_64\sdk\sdkhome;C:\Program Files (x86)\Microsoft Visual Studio\Common\Tools\WinNT;C:\Program Files (x86)\Microsoft Visual Studio\Common\MSDev98\Bin;C:\Program Files (x86)\Microsoft Visual Studio\Common\Tools;C:\Program Files (x86)\Microsoft Visual Studio\VC98\bin;C:\Users\Moses\AppData\Roaming\Python\Scripts;C:\Program Files (x86)\CVSNT\;C:\Program Files (x86)\IDM Computer Solutions\UltraEdit\;D:\DevelopeTools\Java\play-2.2.1;C:\Program Files (x86)\Google\google_appengine\
USERNAME=Moses
OS=Windows_NT
PROCESSOR_IDENTIFIER=Intel64 Family 6 Model 23 Stepping 10, GenuineIntel



---------------  S Y S T E M  ---------------

OS: Windows 7 Build 7601 Service Pack 1

CPU:total 2 (2 cores per cpu, 1 threads per core) family 6 model 23 stepping 10, cmov, cx8, fxsr, mmx, sse, sse2, sse3, ssse3

Memory: 4k page, physical 8320664k(906992k free), swap 16639476k(7320608k free)

vm_info: Java HotSpot(TM) Client VM (17.0-b17) for windows-x86 JRE (1.6.0_21-b07), built on Jul 17 2010 01:10:15 by "java_re" with MS VC++ 7.1 (VS2003)

time: Fri Feb 21 17:16:44 2014
elapsed time: 16 seconds

