#
# A fatal error has been detected by the Java Runtime Environment:
#
#  EXCEPTION_ACCESS_VIOLATION (0xc0000005) at pc=0x21762052, pid=11320, tid=10444
#
# JRE version: 6.0_21-b07
# Java VM: Java HotSpot(TM) Client VM (17.0-b17 mixed mode windows-x86 )
# Problematic frame:
# C  0x21762052
#
# If you would like to submit a bug report, please visit:
#   http://java.sun.com/webapps/bugreport/crash.jsp
# The crash happened outside the Java Virtual Machine in native code.
# See problematic frame for where to report the bug.
#

---------------  T H R E A D  ---------------

Current thread (0x18ab7800):  JavaThread "AWT-EventQueue-0" [_thread_in_native, id=10444, stack(0x19bc0000,0x19c10000)]

siginfo: ExceptionCode=0xc0000005, reading address 0x695a5c6f

Registers:
EAX=0x00000000, EBX=0x695a5c73, ECX=0x00000000, EDX=0x0000020e
ESP=0x19c0c6a4, EBP=0x19c0c6c0, ESI=0x695a5c6f, EDI=0x00000640
EIP=0x21762052, EFLAGS=0x00010216

Top of Stack: (sp=0x19c0c6a4)
0x19c0c6a4:   19c0eabc 21762186 19c0c6c0 00000640
0x19c0c6b4:   19c0c7ec 00000000 19c0c760 19c0c760
0x19c0c6c4:   21762463 00000000 21763e69 21763e71
0x19c0c6d4:   445c3f0c 63697665 61485c65 69646472
0x19c0c6e4:   6f566b73 656d756c 6f575c33 70736b72
0x19c0c6f4:   73656361 736e695c 6d757274 5f746e65
0x19c0c704:   6d617266 726f7765 75625c6b 5c646c69
0x19c0c714:   73616c63 5c736573 5c74656e 7462616c 

Instructions: (pc=0x21762052)
0x21762042:   0a 68 b4 95 76 21 e8 87 f0 ff ff 8b f3 83 ee 04
0x21762052:   8b 1e f6 c3 02 75 0f c7 05 b0 95 76 21 09 00 00 


Stack: [0x19bc0000,0x19c10000],  sp=0x19c0c6a4,  free space=13119c0c188k
Native frames: (J=compiled Java code, j=interpreted, Vv=VM code, C=native code)
C  0x21762052
C  0x21762463

Java frames: (J=compiled Java code, j=interpreted, Vv=VM code)
j  java.io.FileInputStream.readBytes([BII)I+0
j  java.io.FileInputStream.read([BII)I+4
j  sun.misc.Resource.getBytes()[B+115
j  java.net.URLClassLoader.defineClass(Ljava/lang/String;Lsun/misc/Resource;Z)Ljava/lang/Class;+193
j  java.net.URLClassLoader.access$000(Ljava/net/URLClassLoader;Ljava/lang/String;Lsun/misc/Resource;Z)Ljava/lang/Class;+4
j  java.net.URLClassLoader$1.run()Ljava/lang/Object;+44
v  ~StubRoutines::call_stub
j  java.security.AccessController.doPrivileged(Ljava/security/PrivilegedExceptionAction;Ljava/security/AccessControlContext;)Ljava/lang/Object;+0
j  java.net.URLClassLoader.findClass(Ljava/lang/String;)Ljava/lang/Class;+13
j  java.lang.ClassLoader.loadClass(Ljava/lang/String;Z)Ljava/lang/Class;+47
j  sun.misc.Launcher$AppClassLoader.loadClass(Ljava/lang/String;Z)Ljava/lang/Class;+41
j  java.lang.ClassLoader.loadClass(Ljava/lang/String;)Ljava/lang/Class;+3
v  ~StubRoutines::call_stub
j  net.labthink.tools.WEXUtil.jToggleButton_startStopActionActionPerformed(Ljava/awt/event/ActionEvent;)V+35
j  net.labthink.tools.WEXUtil.access$100(Lnet/labthink/tools/WEXUtil;Ljava/awt/event/ActionEvent;)V+2
j  net.labthink.tools.WEXUtil$2.actionPerformed(Ljava/awt/event/ActionEvent;)V+5
j  javax.swing.AbstractButton.fireActionPerformed(Ljava/awt/event/ActionEvent;)V+84
j  javax.swing.AbstractButton$Handler.actionPerformed(Ljava/awt/event/ActionEvent;)V+5
j  javax.swing.DefaultButtonModel.fireActionPerformed(Ljava/awt/event/ActionEvent;)V+35
j  javax.swing.JToggleButton$ToggleButtonModel.setPressed(Z)V+148
j  javax.swing.plaf.basic.BasicButtonListener.mouseReleased(Ljava/awt/event/MouseEvent;)V+35
j  java.awt.Component.processMouseEvent(Ljava/awt/event/MouseEvent;)V+64
j  javax.swing.JComponent.processMouseEvent(Ljava/awt/event/MouseEvent;)V+23
j  java.awt.Component.processEvent(Ljava/awt/AWTEvent;)V+81
j  java.awt.Container.processEvent(Ljava/awt/AWTEvent;)V+18
j  java.awt.Component.dispatchEventImpl(Ljava/awt/AWTEvent;)V+566
j  java.awt.Container.dispatchEventImpl(Ljava/awt/AWTEvent;)V+42
J  java.awt.LightweightDispatcher.retargetMouseEvent(Ljava/awt/Component;ILjava/awt/event/MouseEvent;)V
j  java.awt.LightweightDispatcher.processMouseEvent(Ljava/awt/event/MouseEvent;)Z+139
j  java.awt.LightweightDispatcher.dispatchEvent(Ljava/awt/AWTEvent;)Z+50
j  java.awt.Container.dispatchEventImpl(Ljava/awt/AWTEvent;)V+12
j  java.awt.Window.dispatchEventImpl(Ljava/awt/AWTEvent;)V+19
j  java.awt.Component.dispatchEvent(Ljava/awt/AWTEvent;)V+2
j  java.awt.EventQueue.dispatchEvent(Ljava/awt/AWTEvent;)V+46
J  java.awt.EventDispatchThread.pumpOneEventForFilters(I)Z
j  java.awt.EventDispatchThread.pumpEventsForFilter(ILjava/awt/Conditional;Ljava/awt/EventFilter;)V+30
j  java.awt.EventDispatchThread.pumpEventsForHierarchy(ILjava/awt/Conditional;Ljava/awt/Component;)V+11
j  java.awt.EventDispatchThread.pumpEvents(ILjava/awt/Conditional;)V+4
j  java.awt.EventDispatchThread.pumpEvents(Ljava/awt/Conditional;)V+3
j  java.awt.EventDispatchThread.run()V+9
v  ~StubRoutines::call_stub

---------------  P R O C E S S  ---------------

Java Threads: ( => current thread )
  0x18be7400 JavaThread "TimerQueue" daemon [_thread_blocked, id=12780, stack(0x19950000,0x199a0000)]
  0x18bccc00 JavaThread "D3D Screen Updater" daemon [_thread_blocked, id=13220, stack(0x19510000,0x19560000)]
  0x18ae8400 JavaThread "org.netbeans.modules.debugger.jpda.visual AWT Access Loop" daemon [_thread_blocked, id=11728, stack(0x19c50000,0x19ca0000)]
  0x01fa1c00 JavaThread "DestroyJavaVM" [_thread_blocked, id=936, stack(0x00380000,0x003d0000)]
=>0x18ab7800 JavaThread "AWT-EventQueue-0" [_thread_in_native, id=10444, stack(0x19bc0000,0x19c10000)]
  0x18aa6000 JavaThread "AWT-Windows" daemon [_thread_in_native, id=12696, stack(0x19130000,0x19180000)]
  0x18aa5400 JavaThread "AWT-Shutdown" [_thread_blocked, id=9804, stack(0x190a0000,0x190f0000)]
  0x18aa4c00 JavaThread "Java2D Disposer" daemon [_thread_blocked, id=9480, stack(0x18ef0000,0x18f40000)]
  0x0207a000 JavaThread "Low Memory Detector" daemon [_thread_blocked, id=12940, stack(0x18770000,0x187c0000)]
  0x02077800 JavaThread "CompilerThread0" daemon [_thread_blocked, id=10544, stack(0x186e0000,0x18730000)]
  0x02062c00 JavaThread "JDWP Command Reader" daemon [_thread_in_native, id=6548, stack(0x18650000,0x186a0000)]
  0x02061c00 JavaThread "JDWP Event Helper Thread" daemon [_thread_blocked, id=8652, stack(0x185c0000,0x18610000)]
  0x0205ec00 JavaThread "JDWP Transport Listener: dt_shmem" daemon [_thread_blocked, id=7828, stack(0x18530000,0x18580000)]
  0x0202f400 JavaThread "Attach Listener" daemon [_thread_blocked, id=10596, stack(0x184a0000,0x184f0000)]
  0x0202c400 JavaThread "Signal Dispatcher" daemon [_thread_blocked, id=10828, stack(0x18410000,0x18460000)]
  0x0201c800 JavaThread "Finalizer" daemon [_thread_blocked, id=9576, stack(0x18380000,0x183d0000)]
  0x0201b400 JavaThread "Reference Handler" daemon [_thread_blocked, id=10604, stack(0x182f0000,0x18340000)]

Other Threads:
  0x02018400 VMThread [stack: 0x18260000,0x182b0000] [id=9188]
  0x0207b400 WatcherThread [stack: 0x18800000,0x18850000] [id=10784]

VM state:not at safepoint (normal execution)

VM Mutex/Monitor currently owned by a thread: None

Heap
 def new generation   total 4928K, used 1730K [0x04110000, 0x04660000, 0x09660000)
  eden space 4416K,  30% used [0x04110000, 0x04262700, 0x04560000)
  from space 512K,  73% used [0x04560000, 0x045be1f8, 0x045e0000)
  to   space 512K,   0% used [0x045e0000, 0x045e0000, 0x04660000)
 tenured generation   total 10944K, used 3948K [0x09660000, 0x0a110000, 0x14110000)
   the space 10944K,  36% used [0x09660000, 0x09a3b038, 0x09a3b200, 0x0a110000)
 compacting perm gen  total 12288K, used 11043K [0x14110000, 0x14d10000, 0x18110000)
   the space 12288K,  89% used [0x14110000, 0x14bd8f88, 0x14bd9000, 0x14d10000)
No shared spaces configured.

Dynamic libraries:
0x00400000 - 0x00424000 	C:\Program Files (x86)\Java\jdk1.6.0_21\bin\java.exe
0x779a0000 - 0x77b20000 	C:\Windows\SysWOW64\ntdll.dll
0x76690000 - 0x767a0000 	C:\Windows\syswow64\kernel32.dll
0x76640000 - 0x76686000 	C:\Windows\syswow64\KERNELBASE.dll
0x76070000 - 0x76110000 	C:\Windows\syswow64\ADVAPI32.dll
0x77030000 - 0x770dc000 	C:\Windows\syswow64\msvcrt.dll
0x75240000 - 0x75259000 	C:\Windows\SysWOW64\sechost.dll
0x76900000 - 0x769f0000 	C:\Windows\syswow64\RPCRT4.dll
0x75080000 - 0x750e0000 	C:\Windows\syswow64\SspiCli.dll
0x75070000 - 0x7507c000 	C:\Windows\syswow64\CRYPTBASE.dll
0x7c340000 - 0x7c396000 	C:\Program Files (x86)\Java\jdk1.6.0_21\jre\bin\msvcr71.dll
0x6d8b0000 - 0x6db57000 	C:\Program Files (x86)\Java\jdk1.6.0_21\jre\bin\client\jvm.dll
0x76480000 - 0x76580000 	C:\Windows\syswow64\USER32.dll
0x76240000 - 0x762d0000 	C:\Windows\syswow64\GDI32.dll
0x76580000 - 0x7658a000 	C:\Windows\syswow64\LPK.dll
0x76590000 - 0x7662d000 	C:\Windows\syswow64\USP10.dll
0x6e780000 - 0x6e7b2000 	C:\Windows\system32\WINMM.dll
0x76420000 - 0x76480000 	C:\Windows\system32\IMM32.DLL
0x75260000 - 0x7532c000 	C:\Windows\syswow64\MSCTF.dll
0x6f900000 - 0x6f94c000 	C:\Windows\system32\apphelp.dll
0x6d860000 - 0x6d86c000 	C:\Program Files (x86)\Java\jdk1.6.0_21\jre\bin\verify.dll
0x6d3e0000 - 0x6d3ff000 	C:\Program Files (x86)\Java\jdk1.6.0_21\jre\bin\java.dll
0x6d340000 - 0x6d348000 	C:\Program Files (x86)\Java\jdk1.6.0_21\jre\bin\hpi.dll
0x76ed0000 - 0x76ed5000 	C:\Windows\syswow64\PSAPI.DLL
0x6d430000 - 0x6d459000 	C:\Program Files (x86)\Java\jdk1.6.0_21\jre\bin\jdwp.dll
0x6d750000 - 0x6d756000 	C:\Program Files (x86)\Java\jdk1.6.0_21\jre\bin\npt.dll
0x6d8a0000 - 0x6d8af000 	C:\Program Files (x86)\Java\jdk1.6.0_21\jre\bin\zip.dll
0x6d2a0000 - 0x6d2a8000 	C:\Program Files (x86)\Java\jdk1.6.0_21\jre\bin\dt_shmem.dll
0x6d0b0000 - 0x6d1fa000 	C:\Program Files (x86)\Java\jdk1.6.0_21\jre\bin\awt.dll
0x6d570000 - 0x6d5c1000 	C:\Windows\system32\WINSPOOL.DRV
0x767a0000 - 0x768fc000 	C:\Windows\syswow64\ole32.dll
0x6f0b0000 - 0x6f24e000 	C:\Windows\WinSxS\x86_microsoft.windows.common-controls_6595b64144ccf1df_6.0.7601.17514_none_41e6975e2bd6f2b2\COMCTL32.dll
0x76c40000 - 0x76c97000 	C:\Windows\syswow64\SHLWAPI.dll
0x6e8e0000 - 0x6e8f3000 	C:\Windows\system32\DWMAPI.DLL
0x6f020000 - 0x6f0a0000 	C:\Windows\system32\uxtheme.dll
0x75330000 - 0x75f7a000 	C:\Windows\syswow64\shell32.dll
0x6d2e0000 - 0x6d334000 	C:\Program Files (x86)\Java\jdk1.6.0_21\jre\bin\fontmanager.dll
0x66d20000 - 0x66ee3000 	C:\Windows\system32\d3d9.dll
0x6e9f0000 - 0x6e9f9000 	C:\Windows\system32\VERSION.dll
0x67670000 - 0x67676000 	C:\Windows\system32\d3d8thk.dll
0x69ef0000 - 0x69fdf000 	C:\Windows\system32\aticfx32.dll
0x642c0000 - 0x642d9000 	C:\Windows\system32\atiu9pag.dll
0x63d40000 - 0x642b7000 	C:\Windows\system32\atiumdag.dll
0x63920000 - 0x63d26000 	C:\Windows\system32\atiumdva.dll
0x6d6c0000 - 0x6d6d3000 	C:\Program Files (x86)\Java\jdk1.6.0_21\jre\bin\net.dll
0x761e0000 - 0x76215000 	C:\Windows\syswow64\WS2_32.dll
0x75110000 - 0x75116000 	C:\Windows\syswow64\NSI.dll
0x6f270000 - 0x6f2ac000 	C:\Windows\system32\mswsock.dll
0x6f250000 - 0x6f256000 	C:\Windows\System32\wship6.dll
0x6d6e0000 - 0x6d6e9000 	C:\Program Files (x86)\Java\jdk1.6.0_21\jre\bin\nio.dll
0x76bb0000 - 0x76c3f000 	C:\Windows\syswow64\OLEAUT32.DLL

VM Arguments:
jvm_args: -Xdebug -Xrunjdwp:transport=dt_shmem,address=javadebug -Dfile.encoding=UTF-8 -Djava.library.path=./dll 
java_command: net.labthink.tools.WEXUtil
Launcher Type: SUN_STANDARD

Environment Variables:
JAVA_HOME=C:\Program Files\Java\jdk1.7.0_25
PATH=C:\Program Files (x86)\AMD APP\bin\x86_64;C:\Program Files (x86)\AMD APP\bin\x86;C:\Ruby193\bin;C:\Python27\;C:\Python27\Scripts;C:\Windows\system32;C:\Windows;C:\Windows\System32\Wbem;C:\Windows\System32\WindowsPowerShell\v1.0\;C:\Program Files\Java\jdk1.7.0_25;C:\Program Files\Java\jdk1.7.0_25\BIN;C:\Program Files (x86)\Bitvise Tunnelier;C:\PROGRA~2\cvsnt;C:\Program Files (x86)\Microsoft SQL Server\90\Tools\binn\;C:\Program Files\MySQL\MySQL Server 5.5\bin;C:\Program Files (x86)\VisualSVN\bin;C:\Program Files\TortoiseSVN\bin;C:\Program Files (x86)\Microsoft SQL Server\80\Tools\Binn\;C:\Program Files (x86)\Git\bin;C:\Program Files (x86)\ATI Technologies\ATI.ACE\Core-Static;D:\DevelopeTools\Java\apache-ant-1.8.4\;D:\DevelopeTools\Java\apache-ant-1.8.4\\bin;F:\android_rom\adt-bundle-windows-x86_64\sdk;F:\android_rom\adt-bundle-windows-x86_64\sdk\tools;F:\android_rom\adt-bundle-windows-x86_64\sdk\platform-tools;C:\Program Files (x86)\Heroku\bin;C:\Program Files (x86)\ruby-1.9.2\bin;C:\Program Files (x86)\git\bin;C:\Program Files (x86)\git\cmd;C:\Program Files (x86)\scala\\bin;C:\Windows\system32\wbem;C:\Program Files (x86)\IVT Corporation\BlueSoleil\Mobile;F:\android_rom\adt-bundle-windows-x86_64\sdk\sdkhome;C:\Program Files (x86)\Microsoft Visual Studio\Common\Tools\WinNT;C:\Program Files (x86)\Microsoft Visual Studio\Common\MSDev98\Bin;C:\Program Files (x86)\Microsoft Visual Studio\Common\Tools;C:\Program Files (x86)\Microsoft Visual Studio\VC98\bin;C:\Users\Moses\AppData\Roaming\Python\Scripts;C:\Program Files (x86)\CVSNT\;C:\Program Files (x86)\IDM Computer Solutions\UltraEdit\;D:\DevelopeTools\Java\play-2.2.1;C:\Program Files (x86)\Google\google_appengine\
USERNAME=Moses
OS=Windows_NT
PROCESSOR_IDENTIFIER=Intel64 Family 6 Model 23 Stepping 10, GenuineIntel



---------------  S Y S T E M  ---------------

OS: Windows 7 Build 7601 Service Pack 1

CPU:total 2 (2 cores per cpu, 1 threads per core) family 6 model 23 stepping 10, cmov, cx8, fxsr, mmx, sse, sse2, sse3, ssse3

Memory: 4k page, physical 8320664k(1084392k free), swap 16639476k(8304708k free)

vm_info: Java HotSpot(TM) Client VM (17.0-b17) for windows-x86 JRE (1.6.0_21-b07), built on Jul 17 2010 01:10:15 by "java_re" with MS VC++ 7.1 (VS2003)

time: Tue Feb 18 16:06:04 2014
elapsed time: 14 seconds

