#
# A fatal error has been detected by the Java Runtime Environment:
#
#  EXCEPTION_ACCESS_VIOLATION (0xc0000005) at pc=0x6d166ad0, pid=11920, tid=10608
#
# JRE version: 6.0_21-b07
# Java VM: Java HotSpot(TM) Client VM (17.0-b17 mixed mode, sharing windows-x86 )
# Problematic frame:
# C  [awt.dll+0xb6ad0]
#
# If you would like to submit a bug report, please visit:
#   http://java.sun.com/webapps/bugreport/crash.jsp
# The crash happened outside the Java Virtual Machine in native code.
# See problematic frame for where to report the bug.
#

---------------  T H R E A D  ---------------

Current thread (0x0483f000):  JavaThread "AWT-Windows" daemon [_thread_in_native, id=10608, stack(0x04bd0000,0x04c20000)]

siginfo: ExceptionCode=0xc0000005, reading address 0x00000000

Registers:
EAX=0x04c1fa78, EBX=0x04879210, ECX=0x000003ba, EDX=0x00000180
ESP=0x04c1fa60, EBP=0x74ea1450, ESI=0x00000000, EDI=0x00000180
EIP=0x6d166ad0, EFLAGS=0x00010202

Top of Stack: (sp=0x04c1fa60)
0x04c1fa60:   04c1fa78 00001000 00000000 04878ff0
0x04c1fa70:   00000001 04c1fa68 04c1fa6c 6d15e4ad
0x04c1fa80:   00000000 00000000 04878ff0 6d15e57a
0x04c1fa90:   00000000 04878ff0 00000001 6d15e67e
0x04c1faa0:   04878ff0 6d1137c2 04864688 00000000
0x04c1fab0:   6d1605b0 00000001 6d1b2f50 6d1b2938
0x04c1fac0:   04864688 6d1619d2 6d1b2f48 6d161bb9
0x04c1fad0:   6d14a443 00000000 00002970 00000000 

Instructions: (pc=0x6d166ad0)
0x6d166ac0:   05 00 20 00 00 50 c1 e2 05 8d 44 24 14 50 8b fa
0x6d166ad0:   8b 16 57 c1 e1 05 51 56 ff 52 2c 85 c0 0f 8c 93 


Stack: [0x04bd0000,0x04c20000],  sp=0x04c1fa60,  free space=13e04c1f544k
Native frames: (J=compiled Java code, j=interpreted, Vv=VM code, C=native code)
C  [awt.dll+0xb6ad0]

Java frames: (J=compiled Java code, j=interpreted, Vv=VM code)
j  sun.awt.windows.WToolkit.eventLoop()V+0
j  sun.awt.windows.WToolkit.run()V+52
j  java.lang.Thread.run()V+11
v  ~StubRoutines::call_stub

---------------  P R O C E S S  ---------------

Java Threads: ( => current thread )
  0x046d8800 JavaThread "Thread-1" daemon [_thread_in_native, id=10616, stack(0x089d0000,0x08a20000)]
  0x08d3d400 JavaThread "TimerQueue" daemon [_thread_blocked, id=3780, stack(0x054f0000,0x05540000)]
  0x0056a800 JavaThread "DestroyJavaVM" [_thread_blocked, id=12048, stack(0x00220000,0x00270000)]
  0x04864000 JavaThread "AWT-EventQueue-0" [_thread_blocked, id=11244, stack(0x05660000,0x056b0000)]
=>0x0483f000 JavaThread "AWT-Windows" daemon [_thread_in_native, id=10608, stack(0x04bd0000,0x04c20000)]
  0x0483e800 JavaThread "AWT-Shutdown" [_thread_blocked, id=7488, stack(0x04b40000,0x04b90000)]
  0x0483c000 JavaThread "Java2D Disposer" daemon [_thread_blocked, id=9424, stack(0x04a50000,0x04aa0000)]
  0x021d1000 JavaThread "Low Memory Detector" daemon [_thread_blocked, id=10312, stack(0x045c0000,0x04610000)]
  0x021c1c00 JavaThread "CompilerThread0" daemon [_thread_blocked, id=3128, stack(0x04530000,0x04580000)]
  0x021c0c00 JavaThread "Attach Listener" daemon [_thread_blocked, id=10512, stack(0x044a0000,0x044f0000)]
  0x021bd400 JavaThread "Signal Dispatcher" daemon [_thread_blocked, id=11788, stack(0x04410000,0x04460000)]
  0x02174c00 JavaThread "Finalizer" daemon [_thread_blocked, id=10796, stack(0x04380000,0x043d0000)]
  0x02173400 JavaThread "Reference Handler" daemon [_thread_blocked, id=3672, stack(0x042f0000,0x04340000)]

Other Threads:
  0x02171800 VMThread [stack: 0x005b0000,0x00600000] [id=9364]
  0x021d5400 WatcherThread [stack: 0x04650000,0x046a0000] [id=11148]

VM state:not at safepoint (normal execution)

VM Mutex/Monitor currently owned by a thread: None

Heap
 def new generation   total 10560K, used 1420K [0x24260000, 0x24dd0000, 0x297b0000)
  eden space 9408K,  12% used [0x24260000, 0x2438d558, 0x24b90000)
  from space 1152K,  18% used [0x24b90000, 0x24bc5b90, 0x24cb0000)
  to   space 1152K,   0% used [0x24cb0000, 0x24cb0000, 0x24dd0000)
 tenured generation   total 23332K, used 13997K [0x297b0000, 0x2ae79000, 0x34260000)
   the space 23332K,  59% used [0x297b0000, 0x2a55b410, 0x2a55b600, 0x2ae79000)
 compacting perm gen  total 12288K, used 2881K [0x34260000, 0x34e60000, 0x38260000)
   the space 12288K,  23% used [0x34260000, 0x34530480, 0x34530600, 0x34e60000)
    ro space 10240K,  54% used [0x38260000, 0x387dc0f0, 0x387dc200, 0x38c60000)
    rw space 12288K,  55% used [0x38c60000, 0x392ffb80, 0x392ffc00, 0x39860000)

Dynamic libraries:
0x00400000 - 0x00424000 	C:\Program Files (x86)\Java\jdk1.6.0_21\bin\java.exe
0x77750000 - 0x778d0000 	C:\Windows\SysWOW64\ntdll.dll
0x74e90000 - 0x74fa0000 	C:\Windows\syswow64\kernel32.dll
0x75870000 - 0x758b6000 	C:\Windows\syswow64\KERNELBASE.dll
0x75970000 - 0x75a10000 	C:\Windows\syswow64\ADVAPI32.dll
0x758c0000 - 0x7596c000 	C:\Windows\syswow64\msvcrt.dll
0x76980000 - 0x76999000 	C:\Windows\SysWOW64\sechost.dll
0x75000000 - 0x750f0000 	C:\Windows\syswow64\RPCRT4.dll
0x74e30000 - 0x74e90000 	C:\Windows\syswow64\SspiCli.dll
0x74e20000 - 0x74e2c000 	C:\Windows\syswow64\CRYPTBASE.dll
0x7c340000 - 0x7c396000 	C:\Program Files (x86)\Java\jdk1.6.0_21\jre\bin\msvcr71.dll
0x6d8b0000 - 0x6db57000 	C:\Program Files (x86)\Java\jdk1.6.0_21\jre\bin\client\jvm.dll
0x767b0000 - 0x768b0000 	C:\Windows\syswow64\USER32.dll
0x76720000 - 0x767b0000 	C:\Windows\syswow64\GDI32.dll
0x76df0000 - 0x76dfa000 	C:\Windows\syswow64\LPK.dll
0x76b20000 - 0x76bbd000 	C:\Windows\syswow64\USP10.dll
0x744f0000 - 0x74522000 	C:\Windows\system32\WINMM.dll
0x769a0000 - 0x76a00000 	C:\Windows\system32\IMM32.DLL
0x768b0000 - 0x7697c000 	C:\Windows\syswow64\MSCTF.dll
0x6e6b0000 - 0x6e6fc000 	C:\Windows\system32\apphelp.dll
0x6d860000 - 0x6d86c000 	C:\Program Files (x86)\Java\jdk1.6.0_21\jre\bin\verify.dll
0x6d3e0000 - 0x6d3ff000 	C:\Program Files (x86)\Java\jdk1.6.0_21\jre\bin\java.dll
0x6d340000 - 0x6d348000 	C:\Program Files (x86)\Java\jdk1.6.0_21\jre\bin\hpi.dll
0x75130000 - 0x75135000 	C:\Windows\syswow64\PSAPI.DLL
0x6d8a0000 - 0x6d8af000 	C:\Program Files (x86)\Java\jdk1.6.0_21\jre\bin\zip.dll
0x6d0b0000 - 0x6d1fa000 	C:\Program Files (x86)\Java\jdk1.6.0_21\jre\bin\awt.dll
0x74770000 - 0x747c1000 	C:\Windows\system32\WINSPOOL.DRV
0x75440000 - 0x7559c000 	C:\Windows\syswow64\ole32.dll
0x6c690000 - 0x6c82e000 	C:\Windows\WinSxS\x86_microsoft.windows.common-controls_6595b64144ccf1df_6.0.7601.17514_none_41e6975e2bd6f2b2\COMCTL32.dll
0x75770000 - 0x757c7000 	C:\Windows\syswow64\SHLWAPI.dll
0x74030000 - 0x74043000 	C:\Windows\system32\DWMAPI.DLL
0x6c510000 - 0x6c590000 	C:\Windows\system32\uxtheme.dll
0x75a40000 - 0x7668a000 	C:\Windows\syswow64\shell32.dll
0x6d2e0000 - 0x6d334000 	C:\Program Files (x86)\Java\jdk1.6.0_21\jre\bin\fontmanager.dll
0x65f00000 - 0x660c3000 	C:\Windows\system32\d3d9.dll
0x6e7c0000 - 0x6e7c9000 	C:\Windows\system32\VERSION.dll
0x660d0000 - 0x660d6000 	C:\Windows\system32\d3d8thk.dll
0x690e0000 - 0x691cf000 	C:\Windows\system32\aticfx32.dll
0x63850000 - 0x63869000 	C:\Windows\system32\atiu9pag.dll
0x62e60000 - 0x633d7000 	C:\Windows\system32\atiumdag.dll
0x63430000 - 0x63836000 	C:\Windows\system32\atiumdva.dll
0x6d6c0000 - 0x6d6d3000 	C:\Program Files (x86)\Java\jdk1.6.0_21\jre\bin\net.dll
0x750f0000 - 0x75125000 	C:\Windows\syswow64\WS2_32.dll
0x76e80000 - 0x76e86000 	C:\Windows\syswow64\NSI.dll
0x6e530000 - 0x6e56c000 	C:\Windows\system32\mswsock.dll
0x6bfc0000 - 0x6bfc6000 	C:\Windows\System32\wship6.dll
0x6d6e0000 - 0x6d6e9000 	C:\Program Files (x86)\Java\jdk1.6.0_21\jre\bin\nio.dll
0x6d250000 - 0x6d273000 	C:\Program Files (x86)\Java\jdk1.6.0_21\jre\bin\dcpr.dll
0x76690000 - 0x7671f000 	C:\Windows\syswow64\OLEAUT32.DLL

VM Arguments:
jvm_args: -Dfile.encoding=UTF-8 -Djava.library.path=./dll 
java_command: net.labthink.instrument.device.DrawChart
Launcher Type: SUN_STANDARD

Environment Variables:
JAVA_HOME=C:\Program Files\Java\jdk1.7.0_25
PATH=C:\Program Files (x86)\AMD APP\bin\x86_64;C:\Program Files (x86)\AMD APP\bin\x86;C:\Ruby193\bin;C:\Python27\;C:\Python27\Scripts;C:\Windows\system32;C:\Windows;C:\Windows\System32\Wbem;C:\Windows\System32\WindowsPowerShell\v1.0\;C:\Program Files\Java\jdk1.7.0_25;C:\Program Files\Java\jdk1.7.0_25\BIN;C:\Program Files (x86)\Bitvise Tunnelier;C:\PROGRA~2\cvsnt;C:\Program Files (x86)\Microsoft SQL Server\90\Tools\binn\;C:\Program Files\MySQL\MySQL Server 5.5\bin;C:\Program Files (x86)\VisualSVN\bin;C:\Program Files\TortoiseSVN\bin;C:\Program Files (x86)\Microsoft SQL Server\80\Tools\Binn\;C:\Program Files (x86)\Git\bin;C:\Program Files (x86)\ATI Technologies\ATI.ACE\Core-Static;D:\DevelopeTools\Java\apache-ant-1.8.4\;D:\DevelopeTools\Java\apache-ant-1.8.4\\bin;F:\android_rom\adt-bundle-windows-x86_64\sdk;F:\android_rom\adt-bundle-windows-x86_64\sdk\tools;F:\android_rom\adt-bundle-windows-x86_64\sdk\platform-tools;C:\Program Files (x86)\Heroku\bin;C:\Program Files (x86)\ruby-1.9.2\bin;C:\Program Files (x86)\git\bin;C:\Program Files (x86)\git\cmd;C:\Program Files (x86)\scala\\bin;C:\Windows\system32\wbem;C:\Program Files (x86)\IVT Corporation\BlueSoleil\Mobile;F:\android_rom\adt-bundle-windows-x86_64\sdk\sdkhome;C:\Program Files (x86)\Microsoft Visual Studio\Common\Tools\WinNT;C:\Program Files (x86)\Microsoft Visual Studio\Common\MSDev98\Bin;C:\Program Files (x86)\Microsoft Visual Studio\Common\Tools;C:\Program Files (x86)\Microsoft Visual Studio\VC98\bin;C:\Users\Moses\AppData\Roaming\Python\Scripts;C:\Program Files (x86)\CVSNT\;C:\Program Files (x86)\IDM Computer Solutions\UltraEdit\;D:\DevelopeTools\Java\play-2.2.1;C:\Program Files (x86)\Google\google_appengine\
USERNAME=Moses
OS=Windows_NT
PROCESSOR_IDENTIFIER=Intel64 Family 6 Model 23 Stepping 10, GenuineIntel



---------------  S Y S T E M  ---------------

OS: Windows 7 Build 7601 Service Pack 1

CPU:total 2 (2 cores per cpu, 1 threads per core) family 6 model 23 stepping 10, cmov, cx8, fxsr, mmx, sse, sse2, sse3, ssse3

Memory: 4k page, physical 8320664k(954280k free), swap 16639476k(5160364k free)

vm_info: Java HotSpot(TM) Client VM (17.0-b17) for windows-x86 JRE (1.6.0_21-b07), built on Jul 17 2010 01:10:15 by "java_re" with MS VC++ 7.1 (VS2003)

time: Tue Jan 14 08:06:01 2014
elapsed time: 53641 seconds

