2012-04-11 15:16:46,868 ERROR main org.docx4j.utils.ResourceUtils - Couldn't get resource: docx4j.properties
2012-04-11 15:16:46,871 ERROR main org.docx4j.Docx4jProperties - Error reading docx4j.properties
java.lang.NullPointerException
	at org.docx4j.utils.ResourceUtils.getResource(ResourceUtils.java:45)
	at org.docx4j.Docx4jProperties.init(Docx4jProperties.java:19)
	at org.docx4j.Docx4jProperties.getProperties(Docx4jProperties.java:34)
	at org.docx4j.openpackaging.packages.WordprocessingMLPackage.createPackage(WordprocessingMLPackage.java:408)
	at net.labthink.run.AmericanStandardProductRemoveSenser.docx4jTest(AmericanStandardProductRemoveSenser.java:42)
	at net.labthink.run.AmericanStandardProductRemoveSenser.main(AmericanStandardProductRemoveSenser.java:31)
2012-04-12 09:11:10,141 WARN main org.docx4j.jaxb.JaxbValidationEventHandler - [ERROR] : unexpected element (uri:"http://schemas.openxmlformats.org/wordprocessingml/2006/main", local:"compatSetting"). Expected
2012-04-12 09:11:10,577 WARN main org.docx4j.jaxb.JaxbValidationEventHandler - [ERROR] : unexpected element (uri:"http://schemas.openxmlformats.org/wordprocessingml/2006/main", local:"compatSetting"). Expected
2012-04-12 09:11:10,587 WARN main org.docx4j.openpackaging.contenttype.ContentTypeManager - DefaultPart used for part '/word/stylesWithEffects.xml' of content type 'application/vnd.ms-word.stylesWithEffects+xml'
2012-04-12 09:11:10,623 WARN main org.docx4j.XmlUtils - Invalid key 'GBname</w:t></w:r><w:bookmarkStart w:name="_GoBack" w:id="0"/><w:bookmarkEnd w:id="0"/><w:r><w:rPr><w:rFonts w:cs="宋体" w:hAnsi="宋体" w:hint="eastAsia"/><w:b/><w:sz w:val="28"/><w:szCs w:val="28"/></w:rPr><w:t>' or key not mapped to a value
2012-04-12 09:12:32,703 WARN main org.docx4j.jaxb.JaxbValidationEventHandler - [ERROR] : unexpected element (uri:"http://schemas.openxmlformats.org/wordprocessingml/2006/main", local:"compatSetting"). Expected
2012-04-12 09:12:33,039 WARN main org.docx4j.jaxb.JaxbValidationEventHandler - [ERROR] : unexpected element (uri:"http://schemas.openxmlformats.org/wordprocessingml/2006/main", local:"compatSetting"). Expected
2012-04-12 09:12:33,047 WARN main org.docx4j.openpackaging.contenttype.ContentTypeManager - DefaultPart used for part '/word/stylesWithEffects.xml' of content type 'application/vnd.ms-word.stylesWithEffects+xml'
2012-04-12 09:12:33,086 WARN main org.docx4j.XmlUtils - Invalid key 'gbname</w:t></w:r><w:bookmarkStart w:name="_GoBack" w:id="0"/><w:bookmarkEnd w:id="0"/><w:r><w:rPr><w:rFonts w:hint="eastAsia"/></w:rPr><w:t>' or key not mapped to a value
2012-04-12 09:13:48,898 WARN main org.docx4j.jaxb.JaxbValidationEventHandler - [ERROR] : unexpected element (uri:"http://schemas.openxmlformats.org/wordprocessingml/2006/main", local:"compatSetting"). Expected
2012-04-12 09:13:49,219 WARN main org.docx4j.jaxb.JaxbValidationEventHandler - [ERROR] : unexpected element (uri:"http://schemas.openxmlformats.org/wordprocessingml/2006/main", local:"compatSetting"). Expected
2012-04-12 09:13:49,228 WARN main org.docx4j.openpackaging.contenttype.ContentTypeManager - DefaultPart used for part '/word/stylesWithEffects.xml' of content type 'application/vnd.ms-word.stylesWithEffects+xml'
2012-04-12 09:15:07,516 WARN main org.docx4j.XmlUtils - Invalid key 'icecream' or key not mapped to a value
2012-04-12 09:16:03,648 WARN main org.docx4j.jaxb.JaxbValidationEventHandler - [ERROR] : unexpected element (uri:"http://schemas.openxmlformats.org/wordprocessingml/2006/main", local:"compatSetting"). Expected
2012-04-12 09:16:03,965 WARN main org.docx4j.jaxb.JaxbValidationEventHandler - [ERROR] : unexpected element (uri:"http://schemas.openxmlformats.org/wordprocessingml/2006/main", local:"compatSetting"). Expected
2012-04-12 09:16:03,974 WARN main org.docx4j.openpackaging.contenttype.ContentTypeManager - DefaultPart used for part '/word/stylesWithEffects.xml' of content type 'application/vnd.ms-word.stylesWithEffects+xml'
2012-04-12 09:16:41,796 WARN main org.docx4j.jaxb.JaxbValidationEventHandler - [ERROR] : unexpected element (uri:"http://schemas.openxmlformats.org/wordprocessingml/2006/main", local:"compatSetting"). Expected
2012-04-12 09:16:42,113 WARN main org.docx4j.jaxb.JaxbValidationEventHandler - [ERROR] : unexpected element (uri:"http://schemas.openxmlformats.org/wordprocessingml/2006/main", local:"compatSetting"). Expected
2012-04-12 09:16:42,122 WARN main org.docx4j.openpackaging.contenttype.ContentTypeManager - DefaultPart used for part '/word/stylesWithEffects.xml' of content type 'application/vnd.ms-word.stylesWithEffects+xml'
2012-04-12 09:16:42,163 WARN main org.docx4j.XmlUtils - Invalid key '</w:t></w:r><w:proofErr w:type="spellStart"/><w:r w:rsidRPr="00434A14"><w:rPr><w:rFonts w:cs="宋体" w:hAnsi="宋体"/><w:b/><w:sz w:val="28"/><w:szCs w:val="28"/></w:rPr><w:t>colour</w:t></w:r><w:proofErr w:type="spellEnd"/><w:r w:rsidRPr="00434A14"><w:rPr><w:rFonts w:cs="宋体" w:hAnsi="宋体"/><w:b/><w:sz w:val="28"/><w:szCs w:val="28"/></w:rPr><w:t>' or key not mapped to a value
2012-04-12 09:17:25,221 WARN main org.docx4j.jaxb.JaxbValidationEventHandler - [ERROR] : unexpected element (uri:"http://schemas.openxmlformats.org/wordprocessingml/2006/main", local:"compatSetting"). Expected
2012-04-12 09:17:25,571 WARN main org.docx4j.jaxb.JaxbValidationEventHandler - [ERROR] : unexpected element (uri:"http://schemas.openxmlformats.org/wordprocessingml/2006/main", local:"compatSetting"). Expected
2012-04-12 09:17:25,582 WARN main org.docx4j.openpackaging.contenttype.ContentTypeManager - DefaultPart used for part '/word/stylesWithEffects.xml' of content type 'application/vnd.ms-word.stylesWithEffects+xml'
2012-04-12 09:17:25,658 WARN main org.docx4j.XmlUtils - Invalid key '</w:t></w:r><w:proofErr w:type="spellStart"/><w:r w:rsidRPr="00434A14"><w:rPr><w:rFonts w:cs="宋体" w:hAnsi="宋体"/><w:b/><w:sz w:val="28"/><w:szCs w:val="28"/></w:rPr><w:t>colour</w:t></w:r><w:proofErr w:type="spellEnd"/><w:r w:rsidRPr="00434A14"><w:rPr><w:rFonts w:cs="宋体" w:hAnsi="宋体"/><w:b/><w:sz w:val="28"/><w:szCs w:val="28"/></w:rPr><w:t>' or key not mapped to a value
2012-04-12 09:18:12,384 WARN main org.docx4j.XmlUtils - Invalid key 'icecream' or key not mapped to a value
2012-04-12 09:19:39,086 WARN main org.docx4j.jaxb.JaxbValidationEventHandler - [ERROR] : unexpected element (uri:"http://schemas.openxmlformats.org/wordprocessingml/2006/main", local:"compatSetting"). Expected
2012-04-12 09:19:39,421 WARN main org.docx4j.jaxb.JaxbValidationEventHandler - [ERROR] : unexpected element (uri:"http://schemas.openxmlformats.org/wordprocessingml/2006/main", local:"compatSetting"). Expected
2012-04-12 09:19:39,431 WARN main org.docx4j.openpackaging.contenttype.ContentTypeManager - DefaultPart used for part '/word/stylesWithEffects.xml' of content type 'application/vnd.ms-word.stylesWithEffects+xml'
2012-04-12 09:19:39,467 WARN main org.docx4j.XmlUtils - Invalid key '</w:t></w:r><w:proofErr w:type="spellStart"/><w:r w:rsidRPr="00D77EF4"><w:rPr><w:rFonts w:cs="Arial" w:hAnsi="Arial" w:ascii="Arial"/><w:b/><w:sz w:val="28"/><w:szCs w:val="28"/></w:rPr><w:t>colour</w:t></w:r><w:proofErr w:type="spellEnd"/><w:r w:rsidRPr="00D77EF4"><w:rPr><w:rFonts w:cs="Arial" w:hAnsi="Arial" w:ascii="Arial"/><w:b/><w:sz w:val="28"/><w:szCs w:val="28"/></w:rPr><w:t>' or key not mapped to a value
2012-04-12 09:22:17,582 WARN main org.docx4j.jaxb.JaxbValidationEventHandler - [ERROR] : unexpected element (uri:"http://schemas.openxmlformats.org/wordprocessingml/2006/main", local:"compatSetting"). Expected
2012-04-12 09:22:17,949 WARN main org.docx4j.jaxb.JaxbValidationEventHandler - [ERROR] : unexpected element (uri:"http://schemas.openxmlformats.org/wordprocessingml/2006/main", local:"compatSetting"). Expected
2012-04-12 09:22:17,959 WARN main org.docx4j.openpackaging.contenttype.ContentTypeManager - DefaultPart used for part '/word/stylesWithEffects.xml' of content type 'application/vnd.ms-word.stylesWithEffects+xml'
2012-04-12 09:22:44,686 WARN main org.docx4j.jaxb.JaxbValidationEventHandler - [ERROR] : unexpected element (uri:"http://schemas.openxmlformats.org/wordprocessingml/2006/main", local:"compatSetting"). Expected
2012-04-12 09:22:45,011 WARN main org.docx4j.jaxb.JaxbValidationEventHandler - [ERROR] : unexpected element (uri:"http://schemas.openxmlformats.org/wordprocessingml/2006/main", local:"compatSetting"). Expected
2012-04-12 09:22:45,021 WARN main org.docx4j.openpackaging.contenttype.ContentTypeManager - DefaultPart used for part '/word/stylesWithEffects.xml' of content type 'application/vnd.ms-word.stylesWithEffects+xml'
2012-04-12 09:23:55,772 WARN main org.docx4j.jaxb.JaxbValidationEventHandler - [ERROR] : unexpected element (uri:"http://schemas.openxmlformats.org/wordprocessingml/2006/main", local:"compatSetting"). Expected
2012-04-12 09:23:56,090 WARN main org.docx4j.jaxb.JaxbValidationEventHandler - [ERROR] : unexpected element (uri:"http://schemas.openxmlformats.org/wordprocessingml/2006/main", local:"compatSetting"). Expected
2012-04-12 09:23:56,101 WARN main org.docx4j.openpackaging.contenttype.ContentTypeManager - DefaultPart used for part '/word/stylesWithEffects.xml' of content type 'application/vnd.ms-word.stylesWithEffects+xml'
2012-04-12 10:38:08,960 WARN main org.docx4j.openpackaging.contenttype.ContentTypeManager - DefaultPart used for part '/word/stylesWithEffects.xml' of content type 'application/vnd.ms-word.stylesWithEffects+xml'
2012-04-12 10:38:08,986 WARN main org.docx4j.jaxb.JaxbValidationEventHandler - [ERROR] : unexpected element (uri:"http://schemas.openxmlformats.org/wordprocessingml/2006/main", local:"compatSetting"). Expected
2012-04-12 10:38:09,471 WARN main org.docx4j.jaxb.JaxbValidationEventHandler - [ERROR] : unexpected element (uri:"http://schemas.openxmlformats.org/wordprocessingml/2006/main", local:"compatSetting"). Expected
2012-04-12 10:38:09,547 WARN main org.docx4j.jaxb.JaxbValidationEventHandler - [ERROR] : unexpected element (uri:"http://schemas.openxmlformats.org/wordprocessingml/2006/main", local:"compatSetting"). Expected
2012-04-12 10:38:09,555 WARN main org.docx4j.jaxb.JaxbValidationEventHandler - [ERROR] : unexpected element (uri:"http://schemas.openxmlformats.org/wordprocessingml/2006/main", local:"compatSetting"). Expected
2012-04-12 10:38:09,569 WARN main org.docx4j.openpackaging.contenttype.ContentTypeManager - DefaultPart used for part '/word/stylesWithEffects.xml' of content type 'application/vnd.ms-word.stylesWithEffects+xml'
2012-04-12 10:40:12,538 WARN main org.docx4j.openpackaging.contenttype.ContentTypeManager - DefaultPart used for part '/word/stylesWithEffects.xml' of content type 'application/vnd.ms-word.stylesWithEffects+xml'
2012-04-12 10:40:12,564 WARN main org.docx4j.jaxb.JaxbValidationEventHandler - [ERROR] : unexpected element (uri:"http://schemas.openxmlformats.org/wordprocessingml/2006/main", local:"compatSetting"). Expected
2012-04-12 10:40:12,893 WARN main org.docx4j.jaxb.JaxbValidationEventHandler - [ERROR] : unexpected element (uri:"http://schemas.openxmlformats.org/wordprocessingml/2006/main", local:"compatSetting"). Expected
2012-04-12 10:40:12,940 WARN main org.docx4j.jaxb.JaxbValidationEventHandler - [ERROR] : unexpected element (uri:"http://schemas.openxmlformats.org/wordprocessingml/2006/main", local:"compatSetting"). Expected
2012-04-12 10:40:12,947 WARN main org.docx4j.jaxb.JaxbValidationEventHandler - [ERROR] : unexpected element (uri:"http://schemas.openxmlformats.org/wordprocessingml/2006/main", local:"compatSetting"). Expected
2012-04-12 10:40:12,957 WARN main org.docx4j.openpackaging.contenttype.ContentTypeManager - DefaultPart used for part '/word/stylesWithEffects.xml' of content type 'application/vnd.ms-word.stylesWithEffects+xml'
2012-04-12 10:42:07,859 WARN main org.docx4j.openpackaging.contenttype.ContentTypeManager - DefaultPart used for part '/word/stylesWithEffects.xml' of content type 'application/vnd.ms-word.stylesWithEffects+xml'
2012-04-12 10:42:07,886 WARN main org.docx4j.jaxb.JaxbValidationEventHandler - [ERROR] : unexpected element (uri:"http://schemas.openxmlformats.org/wordprocessingml/2006/main", local:"compatSetting"). Expected
2012-04-12 10:42:08,195 WARN main org.docx4j.jaxb.JaxbValidationEventHandler - [ERROR] : unexpected element (uri:"http://schemas.openxmlformats.org/wordprocessingml/2006/main", local:"compatSetting"). Expected
2012-04-12 10:42:08,241 WARN main org.docx4j.jaxb.JaxbValidationEventHandler - [ERROR] : unexpected element (uri:"http://schemas.openxmlformats.org/wordprocessingml/2006/main", local:"compatSetting"). Expected
2012-04-12 10:42:08,247 WARN main org.docx4j.jaxb.JaxbValidationEventHandler - [ERROR] : unexpected element (uri:"http://schemas.openxmlformats.org/wordprocessingml/2006/main", local:"compatSetting"). Expected
2012-04-12 10:42:08,257 WARN main org.docx4j.openpackaging.contenttype.ContentTypeManager - DefaultPart used for part '/word/stylesWithEffects.xml' of content type 'application/vnd.ms-word.stylesWithEffects+xml'
2012-04-12 10:43:22,944 WARN main org.docx4j.openpackaging.contenttype.ContentTypeManager - DefaultPart used for part '/word/stylesWithEffects.xml' of content type 'application/vnd.ms-word.stylesWithEffects+xml'
2012-04-12 10:43:22,971 WARN main org.docx4j.jaxb.JaxbValidationEventHandler - [ERROR] : unexpected element (uri:"http://schemas.openxmlformats.org/wordprocessingml/2006/main", local:"compatSetting"). Expected
2012-04-12 10:43:23,299 WARN main org.docx4j.jaxb.JaxbValidationEventHandler - [ERROR] : unexpected element (uri:"http://schemas.openxmlformats.org/wordprocessingml/2006/main", local:"compatSetting"). Expected
2012-04-12 10:43:23,348 WARN main org.docx4j.jaxb.JaxbValidationEventHandler - [ERROR] : unexpected element (uri:"http://schemas.openxmlformats.org/wordprocessingml/2006/main", local:"compatSetting"). Expected
2012-04-12 10:43:23,354 WARN main org.docx4j.jaxb.JaxbValidationEventHandler - [ERROR] : unexpected element (uri:"http://schemas.openxmlformats.org/wordprocessingml/2006/main", local:"compatSetting"). Expected
2012-04-12 10:43:23,364 WARN main org.docx4j.openpackaging.contenttype.ContentTypeManager - DefaultPart used for part '/word/stylesWithEffects.xml' of content type 'application/vnd.ms-word.stylesWithEffects+xml'
2012-04-12 10:49:15,973 WARN main org.docx4j.openpackaging.contenttype.ContentTypeManager - DefaultPart used for part '/word/stylesWithEffects.xml' of content type 'application/vnd.ms-word.stylesWithEffects+xml'
2012-04-12 10:49:15,999 WARN main org.docx4j.jaxb.JaxbValidationEventHandler - [ERROR] : unexpected element (uri:"http://schemas.openxmlformats.org/wordprocessingml/2006/main", local:"compatSetting"). Expected
2012-04-12 10:49:16,338 WARN main org.docx4j.jaxb.JaxbValidationEventHandler - [ERROR] : unexpected element (uri:"http://schemas.openxmlformats.org/wordprocessingml/2006/main", local:"compatSetting"). Expected
2012-04-12 10:49:16,388 WARN main org.docx4j.jaxb.JaxbValidationEventHandler - [ERROR] : unexpected element (uri:"http://schemas.openxmlformats.org/wordprocessingml/2006/main", local:"compatSetting"). Expected
2012-04-12 10:49:16,394 WARN main org.docx4j.jaxb.JaxbValidationEventHandler - [ERROR] : unexpected element (uri:"http://schemas.openxmlformats.org/wordprocessingml/2006/main", local:"compatSetting"). Expected
2012-04-12 10:49:16,405 WARN main org.docx4j.openpackaging.contenttype.ContentTypeManager - DefaultPart used for part '/word/stylesWithEffects.xml' of content type 'application/vnd.ms-word.stylesWithEffects+xml'
2012-04-12 10:51:50,290 WARN main org.docx4j.openpackaging.contenttype.ContentTypeManager - DefaultPart used for part '/word/stylesWithEffects.xml' of content type 'application/vnd.ms-word.stylesWithEffects+xml'
2012-04-12 10:51:50,317 WARN main org.docx4j.jaxb.JaxbValidationEventHandler - [ERROR] : unexpected element (uri:"http://schemas.openxmlformats.org/wordprocessingml/2006/main", local:"compatSetting"). Expected
2012-04-12 10:51:50,647 WARN main org.docx4j.jaxb.JaxbValidationEventHandler - [ERROR] : unexpected element (uri:"http://schemas.openxmlformats.org/wordprocessingml/2006/main", local:"compatSetting"). Expected
2012-04-12 10:51:50,698 WARN main org.docx4j.jaxb.JaxbValidationEventHandler - [ERROR] : unexpected element (uri:"http://schemas.openxmlformats.org/wordprocessingml/2006/main", local:"compatSetting"). Expected
2012-04-12 10:51:50,705 WARN main org.docx4j.jaxb.JaxbValidationEventHandler - [ERROR] : unexpected element (uri:"http://schemas.openxmlformats.org/wordprocessingml/2006/main", local:"compatSetting"). Expected
2012-04-12 10:51:50,716 WARN main org.docx4j.openpackaging.contenttype.ContentTypeManager - DefaultPart used for part '/word/stylesWithEffects.xml' of content type 'application/vnd.ms-word.stylesWithEffects+xml'
2012-04-12 10:53:56,138 WARN main org.docx4j.openpackaging.contenttype.ContentTypeManager - DefaultPart used for part '/word/stylesWithEffects.xml' of content type 'application/vnd.ms-word.stylesWithEffects+xml'
2012-04-12 10:53:56,167 WARN main org.docx4j.jaxb.JaxbValidationEventHandler - [ERROR] : unexpected element (uri:"http://schemas.openxmlformats.org/wordprocessingml/2006/main", local:"compatSetting"). Expected
2012-04-12 10:53:56,573 WARN main org.docx4j.jaxb.JaxbValidationEventHandler - [ERROR] : unexpected element (uri:"http://schemas.openxmlformats.org/wordprocessingml/2006/main", local:"compatSetting"). Expected
2012-04-12 10:53:56,637 WARN main org.docx4j.jaxb.JaxbValidationEventHandler - [ERROR] : unexpected element (uri:"http://schemas.openxmlformats.org/wordprocessingml/2006/main", local:"compatSetting"). Expected
2012-04-12 10:53:56,646 WARN main org.docx4j.jaxb.JaxbValidationEventHandler - [ERROR] : unexpected element (uri:"http://schemas.openxmlformats.org/wordprocessingml/2006/main", local:"compatSetting"). Expected
2012-04-12 10:53:56,659 WARN main org.docx4j.openpackaging.contenttype.ContentTypeManager - DefaultPart used for part '/word/stylesWithEffects.xml' of content type 'application/vnd.ms-word.stylesWithEffects+xml'
2012-04-12 10:54:06,069 WARN main org.docx4j.openpackaging.contenttype.ContentTypeManager - DefaultPart used for part '/word/stylesWithEffects.xml' of content type 'application/vnd.ms-word.stylesWithEffects+xml'
2012-04-12 10:54:06,095 WARN main org.docx4j.jaxb.JaxbValidationEventHandler - [ERROR] : unexpected element (uri:"http://schemas.openxmlformats.org/wordprocessingml/2006/main", local:"compatSetting"). Expected
2012-04-12 10:54:06,423 WARN main org.docx4j.jaxb.JaxbValidationEventHandler - [ERROR] : unexpected element (uri:"http://schemas.openxmlformats.org/wordprocessingml/2006/main", local:"compatSetting"). Expected
2012-04-12 10:54:06,473 WARN main org.docx4j.jaxb.JaxbValidationEventHandler - [ERROR] : unexpected element (uri:"http://schemas.openxmlformats.org/wordprocessingml/2006/main", local:"compatSetting"). Expected
2012-04-12 10:54:06,479 WARN main org.docx4j.jaxb.JaxbValidationEventHandler - [ERROR] : unexpected element (uri:"http://schemas.openxmlformats.org/wordprocessingml/2006/main", local:"compatSetting"). Expected
2012-04-12 10:54:06,489 WARN main org.docx4j.openpackaging.contenttype.ContentTypeManager - DefaultPart used for part '/word/stylesWithEffects.xml' of content type 'application/vnd.ms-word.stylesWithEffects+xml'
2012-04-12 10:54:55,199 WARN main org.docx4j.openpackaging.contenttype.ContentTypeManager - DefaultPart used for part '/word/stylesWithEffects.xml' of content type 'application/vnd.ms-word.stylesWithEffects+xml'
2012-04-12 10:54:55,225 WARN main org.docx4j.jaxb.JaxbValidationEventHandler - [ERROR] : unexpected element (uri:"http://schemas.openxmlformats.org/wordprocessingml/2006/main", local:"compatSetting"). Expected
2012-04-12 10:54:55,557 WARN main org.docx4j.jaxb.JaxbValidationEventHandler - [ERROR] : unexpected element (uri:"http://schemas.openxmlformats.org/wordprocessingml/2006/main", local:"compatSetting"). Expected
2012-04-12 10:54:55,608 WARN main org.docx4j.jaxb.JaxbValidationEventHandler - [ERROR] : unexpected element (uri:"http://schemas.openxmlformats.org/wordprocessingml/2006/main", local:"compatSetting"). Expected
2012-04-12 10:54:55,615 WARN main org.docx4j.jaxb.JaxbValidationEventHandler - [ERROR] : unexpected element (uri:"http://schemas.openxmlformats.org/wordprocessingml/2006/main", local:"compatSetting"). Expected
2012-04-12 10:54:55,626 WARN main org.docx4j.openpackaging.contenttype.ContentTypeManager - DefaultPart used for part '/word/stylesWithEffects.xml' of content type 'application/vnd.ms-word.stylesWithEffects+xml'
